ERROR - 2022-06-23 01:23:11 --> Unknown column 'dp' in 'field list'
CRITICAL - 2022-06-23 01:23:11 --> Call to a member function getResult() on bool
#0 C:\xampp\htdocs\enjoyit\app\Controllers\Home.php(10): App\Models\ListadoModel->listarDetallePedidos()
#1 C:\xampp\htdocs\enjoyit\system\CodeIgniter.php(832): App\Controllers\Home->index()
#2 C:\xampp\htdocs\enjoyit\system\CodeIgniter.php(419): CodeIgniter\CodeIgniter->runController(Object(App\Controllers\Home))
#3 C:\xampp\htdocs\enjoyit\system\CodeIgniter.php(326): CodeIgniter\CodeIgniter->handleRequest(NULL, Object(Config\Cache), false)
#4 C:\xampp\htdocs\enjoyit\public\index.php(37): CodeIgniter\CodeIgniter->run()
#5 {main}
ERROR - 2022-06-23 01:33:35 --> Unknown column 'cantidad' in 'field list'
CRITICAL - 2022-06-23 01:33:35 --> Call to a member function getResult() on bool
#0 C:\xampp\htdocs\enjoyit\app\Controllers\Home.php(20): App\Models\ListadoModel->listarProductos()
#1 C:\xampp\htdocs\enjoyit\system\CodeIgniter.php(832): App\Controllers\Home->index()
#2 C:\xampp\htdocs\enjoyit\system\CodeIgniter.php(419): CodeIgniter\CodeIgniter->runController(Object(App\Controllers\Home))
#3 C:\xampp\htdocs\enjoyit\system\CodeIgniter.php(326): CodeIgniter\CodeIgniter->handleRequest(NULL, Object(Config\Cache), false)
#4 C:\xampp\htdocs\enjoyit\public\index.php(37): CodeIgniter\CodeIgniter->run()
#5 {main}
ERROR - 2022-06-23 01:35:16 --> Unknown column 'cantidad*valor_unitario' in 'field list'
CRITICAL - 2022-06-23 01:35:16 --> Call to a member function getResult() on bool
#0 C:\xampp\htdocs\enjoyit\app\Controllers\Home.php(20): App\Models\ListadoModel->listarProductos()
#1 C:\xampp\htdocs\enjoyit\system\CodeIgniter.php(832): App\Controllers\Home->index()
#2 C:\xampp\htdocs\enjoyit\system\CodeIgniter.php(419): CodeIgniter\CodeIgniter->runController(Object(App\Controllers\Home))
#3 C:\xampp\htdocs\enjoyit\system\CodeIgniter.php(326): CodeIgniter\CodeIgniter->handleRequest(NULL, Object(Config\Cache), false)
#4 C:\xampp\htdocs\enjoyit\public\index.php(37): CodeIgniter\CodeIgniter->run()
#5 {main}
