CRITICAL - 2022-06-15 21:18:10 --> Undefined variable $users
#0 C:\xampp\htdocs\aep\app\Views\docentes.php(18): CodeIgniter\Debug\Exceptions->errorHandler(2, 'Undefined varia...', 'C:\\xampp\\htdocs...', 18)
#1 C:\xampp\htdocs\aep\system\View\View.php(210): include('C:\\xampp\\htdocs...')
#2 C:\xampp\htdocs\aep\system\View\View.php(213): CodeIgniter\View\View->CodeIgniter\View\{closure}()
#3 C:\xampp\htdocs\aep\system\Common.php(1089): CodeIgniter\View\View->render('docentes', Array, true)
#4 C:\xampp\htdocs\aep\app\Controllers\Docente.php(15): view('docentes', Array)
#5 C:\xampp\htdocs\aep\system\CodeIgniter.php(832): App\Controllers\Docente->index()
#6 C:\xampp\htdocs\aep\system\CodeIgniter.php(419): CodeIgniter\CodeIgniter->runController(Object(App\Controllers\Docente))
#7 C:\xampp\htdocs\aep\system\CodeIgniter.php(326): CodeIgniter\CodeIgniter->handleRequest(NULL, Object(Config\Cache), false)
#8 C:\xampp\htdocs\aep\public\index.php(37): CodeIgniter\CodeIgniter->run()
#9 {main}
CRITICAL - 2022-06-15 21:18:15 --> Undefined variable $users
#0 C:\xampp\htdocs\aep\app\Views\docentes.php(18): CodeIgniter\Debug\Exceptions->errorHandler(2, 'Undefined varia...', 'C:\\xampp\\htdocs...', 18)
#1 C:\xampp\htdocs\aep\system\View\View.php(210): include('C:\\xampp\\htdocs...')
#2 C:\xampp\htdocs\aep\system\View\View.php(213): CodeIgniter\View\View->CodeIgniter\View\{closure}()
#3 C:\xampp\htdocs\aep\system\Common.php(1089): CodeIgniter\View\View->render('docentes', Array, true)
#4 C:\xampp\htdocs\aep\app\Controllers\Docente.php(15): view('docentes', Array)
#5 C:\xampp\htdocs\aep\system\CodeIgniter.php(832): App\Controllers\Docente->index()
#6 C:\xampp\htdocs\aep\system\CodeIgniter.php(419): CodeIgniter\CodeIgniter->runController(Object(App\Controllers\Docente))
#7 C:\xampp\htdocs\aep\system\CodeIgniter.php(326): CodeIgniter\CodeIgniter->handleRequest(NULL, Object(Config\Cache), false)
#8 C:\xampp\htdocs\aep\public\index.php(37): CodeIgniter\CodeIgniter->run()
#9 {main}
CRITICAL - 2022-06-15 21:18:32 --> Undefined array key "correo"
#0 C:\xampp\htdocs\aep\app\Views\docentes.php(28): CodeIgniter\Debug\Exceptions->errorHandler(2, 'Undefined array...', 'C:\\xampp\\htdocs...', 28)
#1 C:\xampp\htdocs\aep\system\View\View.php(210): include('C:\\xampp\\htdocs...')
#2 C:\xampp\htdocs\aep\system\View\View.php(213): CodeIgniter\View\View->CodeIgniter\View\{closure}()
#3 C:\xampp\htdocs\aep\system\Common.php(1089): CodeIgniter\View\View->render('docentes', Array, true)
#4 C:\xampp\htdocs\aep\app\Controllers\Docente.php(15): view('docentes', Array)
#5 C:\xampp\htdocs\aep\system\CodeIgniter.php(832): App\Controllers\Docente->index()
#6 C:\xampp\htdocs\aep\system\CodeIgniter.php(419): CodeIgniter\CodeIgniter->runController(Object(App\Controllers\Docente))
#7 C:\xampp\htdocs\aep\system\CodeIgniter.php(326): CodeIgniter\CodeIgniter->handleRequest(NULL, Object(Config\Cache), false)
#8 C:\xampp\htdocs\aep\public\index.php(37): CodeIgniter\CodeIgniter->run()
#9 {main}
CRITICAL - 2022-06-15 21:18:33 --> Undefined array key "correo"
#0 C:\xampp\htdocs\aep\app\Views\docentes.php(28): CodeIgniter\Debug\Exceptions->errorHandler(2, 'Undefined array...', 'C:\\xampp\\htdocs...', 28)
#1 C:\xampp\htdocs\aep\system\View\View.php(210): include('C:\\xampp\\htdocs...')
#2 C:\xampp\htdocs\aep\system\View\View.php(213): CodeIgniter\View\View->CodeIgniter\View\{closure}()
#3 C:\xampp\htdocs\aep\system\Common.php(1089): CodeIgniter\View\View->render('docentes', Array, true)
#4 C:\xampp\htdocs\aep\app\Controllers\Docente.php(15): view('docentes', Array)
#5 C:\xampp\htdocs\aep\system\CodeIgniter.php(832): App\Controllers\Docente->index()
#6 C:\xampp\htdocs\aep\system\CodeIgniter.php(419): CodeIgniter\CodeIgniter->runController(Object(App\Controllers\Docente))
#7 C:\xampp\htdocs\aep\system\CodeIgniter.php(326): CodeIgniter\CodeIgniter->handleRequest(NULL, Object(Config\Cache), false)
#8 C:\xampp\htdocs\aep\public\index.php(37): CodeIgniter\CodeIgniter->run()
#9 {main}
CRITICAL - 2022-06-15 21:18:46 --> Undefined array key "correo"
#0 C:\xampp\htdocs\aep\app\Views\docentes.php(28): CodeIgniter\Debug\Exceptions->errorHandler(2, 'Undefined array...', 'C:\\xampp\\htdocs...', 28)
#1 C:\xampp\htdocs\aep\system\View\View.php(210): include('C:\\xampp\\htdocs...')
#2 C:\xampp\htdocs\aep\system\View\View.php(213): CodeIgniter\View\View->CodeIgniter\View\{closure}()
#3 C:\xampp\htdocs\aep\system\Common.php(1089): CodeIgniter\View\View->render('docentes', Array, true)
#4 C:\xampp\htdocs\aep\app\Controllers\Docente.php(15): view('docentes', Array)
#5 C:\xampp\htdocs\aep\system\CodeIgniter.php(832): App\Controllers\Docente->index()
#6 C:\xampp\htdocs\aep\system\CodeIgniter.php(419): CodeIgniter\CodeIgniter->runController(Object(App\Controllers\Docente))
#7 C:\xampp\htdocs\aep\system\CodeIgniter.php(326): CodeIgniter\CodeIgniter->handleRequest(NULL, Object(Config\Cache), false)
#8 C:\xampp\htdocs\aep\public\index.php(37): CodeIgniter\CodeIgniter->run()
#9 {main}
