CRITICAL - 2022-06-18 10:32:57 --> Undefined variable $db
#0 C:\xampp\htdocs\aep\app\Controllers\Asistencia.php(14): CodeIgniter\Debug\Exceptions->errorHandler(2, 'Undefined varia...', 'C:\\xampp\\htdocs...', 14)
#1 C:\xampp\htdocs\aep\system\CodeIgniter.php(832): App\Controllers\Asistencia->index()
#2 C:\xampp\htdocs\aep\system\CodeIgniter.php(419): CodeIgniter\CodeIgniter->runController(Object(App\Controllers\Asistencia))
#3 C:\xampp\htdocs\aep\system\CodeIgniter.php(326): CodeIgniter\CodeIgniter->handleRequest(NULL, Object(Config\Cache), false)
#4 C:\xampp\htdocs\aep\public\index.php(37): CodeIgniter\CodeIgniter->run()
#5 {main}
CRITICAL - 2022-06-18 10:33:45 --> Undefined variable $db
#0 C:\xampp\htdocs\aep\app\Controllers\Asistencia.php(14): CodeIgniter\Debug\Exceptions->errorHandler(2, 'Undefined varia...', 'C:\\xampp\\htdocs...', 14)
#1 C:\xampp\htdocs\aep\system\CodeIgniter.php(832): App\Controllers\Asistencia->index()
#2 C:\xampp\htdocs\aep\system\CodeIgniter.php(419): CodeIgniter\CodeIgniter->runController(Object(App\Controllers\Asistencia))
#3 C:\xampp\htdocs\aep\system\CodeIgniter.php(326): CodeIgniter\CodeIgniter->handleRequest(NULL, Object(Config\Cache), false)
#4 C:\xampp\htdocs\aep\public\index.php(37): CodeIgniter\CodeIgniter->run()
#5 {main}
CRITICAL - 2022-06-18 10:33:57 --> Undefined variable $db
#0 C:\xampp\htdocs\aep\app\Controllers\Asistencia.php(14): CodeIgniter\Debug\Exceptions->errorHandler(2, 'Undefined varia...', 'C:\\xampp\\htdocs...', 14)
#1 C:\xampp\htdocs\aep\system\CodeIgniter.php(832): App\Controllers\Asistencia->index()
#2 C:\xampp\htdocs\aep\system\CodeIgniter.php(419): CodeIgniter\CodeIgniter->runController(Object(App\Controllers\Asistencia))
#3 C:\xampp\htdocs\aep\system\CodeIgniter.php(326): CodeIgniter\CodeIgniter->handleRequest(NULL, Object(Config\Cache), false)
#4 C:\xampp\htdocs\aep\public\index.php(37): CodeIgniter\CodeIgniter->run()
#5 {main}
CRITICAL - 2022-06-18 10:34:07 --> Undefined variable $db
#0 C:\xampp\htdocs\aep\app\Controllers\Asistencia.php(14): CodeIgniter\Debug\Exceptions->errorHandler(2, 'Undefined varia...', 'C:\\xampp\\htdocs...', 14)
#1 C:\xampp\htdocs\aep\system\CodeIgniter.php(832): App\Controllers\Asistencia->index()
#2 C:\xampp\htdocs\aep\system\CodeIgniter.php(419): CodeIgniter\CodeIgniter->runController(Object(App\Controllers\Asistencia))
#3 C:\xampp\htdocs\aep\system\CodeIgniter.php(326): CodeIgniter\CodeIgniter->handleRequest(NULL, Object(Config\Cache), false)
#4 C:\xampp\htdocs\aep\public\index.php(37): CodeIgniter\CodeIgniter->run()
#5 {main}
CRITICAL - 2022-06-18 10:34:13 --> Undefined variable $db
#0 C:\xampp\htdocs\aep\app\Controllers\Asistencia.php(15): CodeIgniter\Debug\Exceptions->errorHandler(2, 'Undefined varia...', 'C:\\xampp\\htdocs...', 15)
#1 C:\xampp\htdocs\aep\system\CodeIgniter.php(832): App\Controllers\Asistencia->index()
#2 C:\xampp\htdocs\aep\system\CodeIgniter.php(419): CodeIgniter\CodeIgniter->runController(Object(App\Controllers\Asistencia))
#3 C:\xampp\htdocs\aep\system\CodeIgniter.php(326): CodeIgniter\CodeIgniter->handleRequest(NULL, Object(Config\Cache), false)
#4 C:\xampp\htdocs\aep\public\index.php(37): CodeIgniter\CodeIgniter->run()
#5 {main}
CRITICAL - 2022-06-18 10:36:21 --> Undefined variable $db
#0 C:\xampp\htdocs\aep\app\Controllers\Asistencia.php(14): CodeIgniter\Debug\Exceptions->errorHandler(2, 'Undefined varia...', 'C:\\xampp\\htdocs...', 14)
#1 C:\xampp\htdocs\aep\system\CodeIgniter.php(832): App\Controllers\Asistencia->index()
#2 C:\xampp\htdocs\aep\system\CodeIgniter.php(419): CodeIgniter\CodeIgniter->runController(Object(App\Controllers\Asistencia))
#3 C:\xampp\htdocs\aep\system\CodeIgniter.php(326): CodeIgniter\CodeIgniter->handleRequest(NULL, Object(Config\Cache), false)
#4 C:\xampp\htdocs\aep\public\index.php(37): CodeIgniter\CodeIgniter->run()
#5 {main}
CRITICAL - 2022-06-18 10:36:25 --> Undefined variable $db
#0 C:\xampp\htdocs\aep\app\Controllers\Asistencia.php(14): CodeIgniter\Debug\Exceptions->errorHandler(2, 'Undefined varia...', 'C:\\xampp\\htdocs...', 14)
#1 C:\xampp\htdocs\aep\system\CodeIgniter.php(832): App\Controllers\Asistencia->index()
#2 C:\xampp\htdocs\aep\system\CodeIgniter.php(419): CodeIgniter\CodeIgniter->runController(Object(App\Controllers\Asistencia))
#3 C:\xampp\htdocs\aep\system\CodeIgniter.php(326): CodeIgniter\CodeIgniter->handleRequest(NULL, Object(Config\Cache), false)
#4 C:\xampp\htdocs\aep\public\index.php(37): CodeIgniter\CodeIgniter->run()
#5 {main}
CRITICAL - 2022-06-18 10:42:38 --> Undefined variable $db
#0 C:\xampp\htdocs\aep\app\Controllers\Asistencia.php(23): CodeIgniter\Debug\Exceptions->errorHandler(2, 'Undefined varia...', 'C:\\xampp\\htdocs...', 23)
#1 C:\xampp\htdocs\aep\system\CodeIgniter.php(832): App\Controllers\Asistencia->index()
#2 C:\xampp\htdocs\aep\system\CodeIgniter.php(419): CodeIgniter\CodeIgniter->runController(Object(App\Controllers\Asistencia))
#3 C:\xampp\htdocs\aep\system\CodeIgniter.php(326): CodeIgniter\CodeIgniter->handleRequest(NULL, Object(Config\Cache), false)
#4 C:\xampp\htdocs\aep\public\index.php(37): CodeIgniter\CodeIgniter->run()
#5 {main}
CRITICAL - 2022-06-18 10:45:30 --> Call to undefined method CodeIgniter\Database\MySQLi\Result::row_array()
#0 C:\xampp\htdocs\aep\system\CodeIgniter.php(832): App\Controllers\Asistencia->index()
#1 C:\xampp\htdocs\aep\system\CodeIgniter.php(419): CodeIgniter\CodeIgniter->runController(Object(App\Controllers\Asistencia))
#2 C:\xampp\htdocs\aep\system\CodeIgniter.php(326): CodeIgniter\CodeIgniter->handleRequest(NULL, Object(Config\Cache), false)
#3 C:\xampp\htdocs\aep\public\index.php(37): CodeIgniter\CodeIgniter->run()
#4 {main}
CRITICAL - 2022-06-18 11:14:35 --> Undefined variable $users
#0 C:\xampp\htdocs\aep\app\Views\asistencias.php(12): CodeIgniter\Debug\Exceptions->errorHandler(2, 'Undefined varia...', 'C:\\xampp\\htdocs...', 12)
#1 C:\xampp\htdocs\aep\system\View\View.php(210): include('C:\\xampp\\htdocs...')
#2 C:\xampp\htdocs\aep\system\View\View.php(213): CodeIgniter\View\View->CodeIgniter\View\{closure}()
#3 C:\xampp\htdocs\aep\system\Common.php(1089): CodeIgniter\View\View->render('asistencias', Array, true)
#4 C:\xampp\htdocs\aep\app\Controllers\Asistencia.php(33): view('asistencias', Array)
#5 C:\xampp\htdocs\aep\system\CodeIgniter.php(832): App\Controllers\Asistencia->index()
#6 C:\xampp\htdocs\aep\system\CodeIgniter.php(419): CodeIgniter\CodeIgniter->runController(Object(App\Controllers\Asistencia))
#7 C:\xampp\htdocs\aep\system\CodeIgniter.php(326): CodeIgniter\CodeIgniter->handleRequest(NULL, Object(Config\Cache), false)
#8 C:\xampp\htdocs\aep\public\index.php(37): CodeIgniter\CodeIgniter->run()
#9 {main}
CRITICAL - 2022-06-18 11:14:47 --> Undefined variable $users
#0 C:\xampp\htdocs\aep\app\Views\asistencias.php(12): CodeIgniter\Debug\Exceptions->errorHandler(2, 'Undefined varia...', 'C:\\xampp\\htdocs...', 12)
#1 C:\xampp\htdocs\aep\system\View\View.php(210): include('C:\\xampp\\htdocs...')
#2 C:\xampp\htdocs\aep\system\View\View.php(213): CodeIgniter\View\View->CodeIgniter\View\{closure}()
#3 C:\xampp\htdocs\aep\system\Common.php(1089): CodeIgniter\View\View->render('asistencias', Array, true)
#4 C:\xampp\htdocs\aep\app\Controllers\Asistencia.php(31): view('asistencias', Array)
#5 C:\xampp\htdocs\aep\system\CodeIgniter.php(832): App\Controllers\Asistencia->index()
#6 C:\xampp\htdocs\aep\system\CodeIgniter.php(419): CodeIgniter\CodeIgniter->runController(Object(App\Controllers\Asistencia))
#7 C:\xampp\htdocs\aep\system\CodeIgniter.php(326): CodeIgniter\CodeIgniter->handleRequest(NULL, Object(Config\Cache), false)
#8 C:\xampp\htdocs\aep\public\index.php(37): CodeIgniter\CodeIgniter->run()
#9 {main}
CRITICAL - 2022-06-18 11:14:57 --> Undefined variable $users
#0 C:\xampp\htdocs\aep\app\Views\asistencias.php(12): CodeIgniter\Debug\Exceptions->errorHandler(2, 'Undefined varia...', 'C:\\xampp\\htdocs...', 12)
#1 C:\xampp\htdocs\aep\system\View\View.php(210): include('C:\\xampp\\htdocs...')
#2 C:\xampp\htdocs\aep\system\View\View.php(213): CodeIgniter\View\View->CodeIgniter\View\{closure}()
#3 C:\xampp\htdocs\aep\system\Common.php(1089): CodeIgniter\View\View->render('asistencias', Array, true)
#4 C:\xampp\htdocs\aep\app\Controllers\Asistencia.php(31): view('asistencias', Array)
#5 C:\xampp\htdocs\aep\system\CodeIgniter.php(832): App\Controllers\Asistencia->index()
#6 C:\xampp\htdocs\aep\system\CodeIgniter.php(419): CodeIgniter\CodeIgniter->runController(Object(App\Controllers\Asistencia))
#7 C:\xampp\htdocs\aep\system\CodeIgniter.php(326): CodeIgniter\CodeIgniter->handleRequest(NULL, Object(Config\Cache), false)
#8 C:\xampp\htdocs\aep\public\index.php(37): CodeIgniter\CodeIgniter->run()
#9 {main}
ERROR - 2022-06-18 11:15:18 --> Unknown column 'estudiantes.idestudiante' in 'on clause'
CRITICAL - 2022-06-18 11:15:18 --> Call to a member function getResult() on bool
#0 C:\xampp\htdocs\aep\system\CodeIgniter.php(832): App\Controllers\Asistencia->index()
#1 C:\xampp\htdocs\aep\system\CodeIgniter.php(419): CodeIgniter\CodeIgniter->runController(Object(App\Controllers\Asistencia))
#2 C:\xampp\htdocs\aep\system\CodeIgniter.php(326): CodeIgniter\CodeIgniter->handleRequest(NULL, Object(Config\Cache), false)
#3 C:\xampp\htdocs\aep\public\index.php(37): CodeIgniter\CodeIgniter->run()
#4 {main}
ERROR - 2022-06-18 11:15:59 --> Unknown column 'estudiantes.idestudiante' in 'on clause'
CRITICAL - 2022-06-18 11:15:59 --> Call to a member function getResult() on bool
#0 C:\xampp\htdocs\aep\system\CodeIgniter.php(832): App\Controllers\Asistencia->index()
#1 C:\xampp\htdocs\aep\system\CodeIgniter.php(419): CodeIgniter\CodeIgniter->runController(Object(App\Controllers\Asistencia))
#2 C:\xampp\htdocs\aep\system\CodeIgniter.php(326): CodeIgniter\CodeIgniter->handleRequest(NULL, Object(Config\Cache), false)
#3 C:\xampp\htdocs\aep\public\index.php(37): CodeIgniter\CodeIgniter->run()
#4 {main}
CRITICAL - 2022-06-18 11:16:04 --> Undefined variable $users
#0 C:\xampp\htdocs\aep\app\Views\asistencias.php(12): CodeIgniter\Debug\Exceptions->errorHandler(2, 'Undefined varia...', 'C:\\xampp\\htdocs...', 12)
#1 C:\xampp\htdocs\aep\system\View\View.php(210): include('C:\\xampp\\htdocs...')
#2 C:\xampp\htdocs\aep\system\View\View.php(213): CodeIgniter\View\View->CodeIgniter\View\{closure}()
#3 C:\xampp\htdocs\aep\system\Common.php(1089): CodeIgniter\View\View->render('asistencias', Array, true)
#4 C:\xampp\htdocs\aep\app\Controllers\Asistencia.php(31): view('asistencias', Array)
#5 C:\xampp\htdocs\aep\system\CodeIgniter.php(832): App\Controllers\Asistencia->index()
#6 C:\xampp\htdocs\aep\system\CodeIgniter.php(419): CodeIgniter\CodeIgniter->runController(Object(App\Controllers\Asistencia))
#7 C:\xampp\htdocs\aep\system\CodeIgniter.php(326): CodeIgniter\CodeIgniter->handleRequest(NULL, Object(Config\Cache), false)
#8 C:\xampp\htdocs\aep\public\index.php(37): CodeIgniter\CodeIgniter->run()
#9 {main}
CRITICAL - 2022-06-18 11:16:08 --> Undefined variable $users
#0 C:\xampp\htdocs\aep\app\Views\asistencias.php(12): CodeIgniter\Debug\Exceptions->errorHandler(2, 'Undefined varia...', 'C:\\xampp\\htdocs...', 12)
#1 C:\xampp\htdocs\aep\system\View\View.php(210): include('C:\\xampp\\htdocs...')
#2 C:\xampp\htdocs\aep\system\View\View.php(213): CodeIgniter\View\View->CodeIgniter\View\{closure}()
#3 C:\xampp\htdocs\aep\system\Common.php(1089): CodeIgniter\View\View->render('asistencias', Array, true)
#4 C:\xampp\htdocs\aep\app\Controllers\Asistencia.php(31): view('asistencias', Array)
#5 C:\xampp\htdocs\aep\system\CodeIgniter.php(832): App\Controllers\Asistencia->index()
#6 C:\xampp\htdocs\aep\system\CodeIgniter.php(419): CodeIgniter\CodeIgniter->runController(Object(App\Controllers\Asistencia))
#7 C:\xampp\htdocs\aep\system\CodeIgniter.php(326): CodeIgniter\CodeIgniter->handleRequest(NULL, Object(Config\Cache), false)
#8 C:\xampp\htdocs\aep\public\index.php(37): CodeIgniter\CodeIgniter->run()
#9 {main}
CRITICAL - 2022-06-18 11:16:09 --> Undefined variable $users
#0 C:\xampp\htdocs\aep\app\Views\asistencias.php(12): CodeIgniter\Debug\Exceptions->errorHandler(2, 'Undefined varia...', 'C:\\xampp\\htdocs...', 12)
#1 C:\xampp\htdocs\aep\system\View\View.php(210): include('C:\\xampp\\htdocs...')
#2 C:\xampp\htdocs\aep\system\View\View.php(213): CodeIgniter\View\View->CodeIgniter\View\{closure}()
#3 C:\xampp\htdocs\aep\system\Common.php(1089): CodeIgniter\View\View->render('asistencias', Array, true)
#4 C:\xampp\htdocs\aep\app\Controllers\Asistencia.php(31): view('asistencias', Array)
#5 C:\xampp\htdocs\aep\system\CodeIgniter.php(832): App\Controllers\Asistencia->index()
#6 C:\xampp\htdocs\aep\system\CodeIgniter.php(419): CodeIgniter\CodeIgniter->runController(Object(App\Controllers\Asistencia))
#7 C:\xampp\htdocs\aep\system\CodeIgniter.php(326): CodeIgniter\CodeIgniter->handleRequest(NULL, Object(Config\Cache), false)
#8 C:\xampp\htdocs\aep\public\index.php(37): CodeIgniter\CodeIgniter->run()
#9 {main}
ERROR - 2022-06-18 11:16:19 --> Unknown column 'detalle_curso_frances.idestudiante' in 'on clause'
CRITICAL - 2022-06-18 11:16:19 --> Call to a member function getResult() on bool
#0 C:\xampp\htdocs\aep\system\CodeIgniter.php(832): App\Controllers\Asistencia->index()
#1 C:\xampp\htdocs\aep\system\CodeIgniter.php(419): CodeIgniter\CodeIgniter->runController(Object(App\Controllers\Asistencia))
#2 C:\xampp\htdocs\aep\system\CodeIgniter.php(326): CodeIgniter\CodeIgniter->handleRequest(NULL, Object(Config\Cache), false)
#3 C:\xampp\htdocs\aep\public\index.php(37): CodeIgniter\CodeIgniter->run()
#4 {main}
ERROR - 2022-06-18 11:16:26 --> Unknown column 'detalle_curso_frances.idestudiante' in 'on clause'
CRITICAL - 2022-06-18 11:16:26 --> Call to a member function getResult() on bool
#0 C:\xampp\htdocs\aep\system\CodeIgniter.php(832): App\Controllers\Asistencia->index()
#1 C:\xampp\htdocs\aep\system\CodeIgniter.php(419): CodeIgniter\CodeIgniter->runController(Object(App\Controllers\Asistencia))
#2 C:\xampp\htdocs\aep\system\CodeIgniter.php(326): CodeIgniter\CodeIgniter->handleRequest(NULL, Object(Config\Cache), false)
#3 C:\xampp\htdocs\aep\public\index.php(37): CodeIgniter\CodeIgniter->run()
#4 {main}
CRITICAL - 2022-06-18 11:16:28 --> Undefined variable $users
#0 C:\xampp\htdocs\aep\app\Views\asistencias.php(12): CodeIgniter\Debug\Exceptions->errorHandler(2, 'Undefined varia...', 'C:\\xampp\\htdocs...', 12)
#1 C:\xampp\htdocs\aep\system\View\View.php(210): include('C:\\xampp\\htdocs...')
#2 C:\xampp\htdocs\aep\system\View\View.php(213): CodeIgniter\View\View->CodeIgniter\View\{closure}()
#3 C:\xampp\htdocs\aep\system\Common.php(1089): CodeIgniter\View\View->render('asistencias', Array, true)
#4 C:\xampp\htdocs\aep\app\Controllers\Asistencia.php(31): view('asistencias', Array)
#5 C:\xampp\htdocs\aep\system\CodeIgniter.php(832): App\Controllers\Asistencia->index()
#6 C:\xampp\htdocs\aep\system\CodeIgniter.php(419): CodeIgniter\CodeIgniter->runController(Object(App\Controllers\Asistencia))
#7 C:\xampp\htdocs\aep\system\CodeIgniter.php(326): CodeIgniter\CodeIgniter->handleRequest(NULL, Object(Config\Cache), false)
#8 C:\xampp\htdocs\aep\public\index.php(37): CodeIgniter\CodeIgniter->run()
#9 {main}
CRITICAL - 2022-06-18 11:16:32 --> Undefined variable $users
#0 C:\xampp\htdocs\aep\app\Views\asistencias.php(12): CodeIgniter\Debug\Exceptions->errorHandler(2, 'Undefined varia...', 'C:\\xampp\\htdocs...', 12)
#1 C:\xampp\htdocs\aep\system\View\View.php(210): include('C:\\xampp\\htdocs...')
#2 C:\xampp\htdocs\aep\system\View\View.php(213): CodeIgniter\View\View->CodeIgniter\View\{closure}()
#3 C:\xampp\htdocs\aep\system\Common.php(1089): CodeIgniter\View\View->render('asistencias', Array, true)
#4 C:\xampp\htdocs\aep\app\Controllers\Asistencia.php(31): view('asistencias', Array)
#5 C:\xampp\htdocs\aep\system\CodeIgniter.php(832): App\Controllers\Asistencia->index()
#6 C:\xampp\htdocs\aep\system\CodeIgniter.php(419): CodeIgniter\CodeIgniter->runController(Object(App\Controllers\Asistencia))
#7 C:\xampp\htdocs\aep\system\CodeIgniter.php(326): CodeIgniter\CodeIgniter->handleRequest(NULL, Object(Config\Cache), false)
#8 C:\xampp\htdocs\aep\public\index.php(37): CodeIgniter\CodeIgniter->run()
#9 {main}
CRITICAL - 2022-06-18 11:17:13 --> Undefined variable $users
#0 C:\xampp\htdocs\aep\app\Views\asistencias.php(12): CodeIgniter\Debug\Exceptions->errorHandler(2, 'Undefined varia...', 'C:\\xampp\\htdocs...', 12)
#1 C:\xampp\htdocs\aep\system\View\View.php(210): include('C:\\xampp\\htdocs...')
#2 C:\xampp\htdocs\aep\system\View\View.php(213): CodeIgniter\View\View->CodeIgniter\View\{closure}()
#3 C:\xampp\htdocs\aep\system\Common.php(1089): CodeIgniter\View\View->render('asistencias', Array, true)
#4 C:\xampp\htdocs\aep\app\Controllers\Asistencia.php(32): view('asistencias', Array)
#5 C:\xampp\htdocs\aep\system\CodeIgniter.php(832): App\Controllers\Asistencia->index()
#6 C:\xampp\htdocs\aep\system\CodeIgniter.php(419): CodeIgniter\CodeIgniter->runController(Object(App\Controllers\Asistencia))
#7 C:\xampp\htdocs\aep\system\CodeIgniter.php(326): CodeIgniter\CodeIgniter->handleRequest(NULL, Object(Config\Cache), false)
#8 C:\xampp\htdocs\aep\public\index.php(37): CodeIgniter\CodeIgniter->run()
#9 {main}
CRITICAL - 2022-06-18 11:18:34 --> Undefined variable $users
#0 C:\xampp\htdocs\aep\app\Views\asistencias.php(12): CodeIgniter\Debug\Exceptions->errorHandler(2, 'Undefined varia...', 'C:\\xampp\\htdocs...', 12)
#1 C:\xampp\htdocs\aep\system\View\View.php(210): include('C:\\xampp\\htdocs...')
#2 C:\xampp\htdocs\aep\system\View\View.php(213): CodeIgniter\View\View->CodeIgniter\View\{closure}()
#3 C:\xampp\htdocs\aep\system\Common.php(1089): CodeIgniter\View\View->render('asistencias', Array, true)
#4 C:\xampp\htdocs\aep\app\Controllers\Asistencia.php(32): view('asistencias', Array)
#5 C:\xampp\htdocs\aep\system\CodeIgniter.php(832): App\Controllers\Asistencia->index()
#6 C:\xampp\htdocs\aep\system\CodeIgniter.php(419): CodeIgniter\CodeIgniter->runController(Object(App\Controllers\Asistencia))
#7 C:\xampp\htdocs\aep\system\CodeIgniter.php(326): CodeIgniter\CodeIgniter->handleRequest(NULL, Object(Config\Cache), false)
#8 C:\xampp\htdocs\aep\public\index.php(37): CodeIgniter\CodeIgniter->run()
#9 {main}
CRITICAL - 2022-06-18 11:19:14 --> Undefined variable $users
#0 C:\xampp\htdocs\aep\app\Views\asistencias.php(12): CodeIgniter\Debug\Exceptions->errorHandler(2, 'Undefined varia...', 'C:\\xampp\\htdocs...', 12)
#1 C:\xampp\htdocs\aep\system\View\View.php(210): include('C:\\xampp\\htdocs...')
#2 C:\xampp\htdocs\aep\system\View\View.php(213): CodeIgniter\View\View->CodeIgniter\View\{closure}()
#3 C:\xampp\htdocs\aep\system\Common.php(1089): CodeIgniter\View\View->render('asistencias', Array, true)
#4 C:\xampp\htdocs\aep\app\Controllers\Asistencia.php(32): view('asistencias', Array)
#5 C:\xampp\htdocs\aep\system\CodeIgniter.php(832): App\Controllers\Asistencia->index()
#6 C:\xampp\htdocs\aep\system\CodeIgniter.php(419): CodeIgniter\CodeIgniter->runController(Object(App\Controllers\Asistencia))
#7 C:\xampp\htdocs\aep\system\CodeIgniter.php(326): CodeIgniter\CodeIgniter->handleRequest(NULL, Object(Config\Cache), false)
#8 C:\xampp\htdocs\aep\public\index.php(37): CodeIgniter\CodeIgniter->run()
#9 {main}
CRITICAL - 2022-06-18 11:19:28 --> Undefined variable $users
#0 C:\xampp\htdocs\aep\app\Views\asistencias.php(12): CodeIgniter\Debug\Exceptions->errorHandler(2, 'Undefined varia...', 'C:\\xampp\\htdocs...', 12)
#1 C:\xampp\htdocs\aep\system\View\View.php(210): include('C:\\xampp\\htdocs...')
#2 C:\xampp\htdocs\aep\system\View\View.php(213): CodeIgniter\View\View->CodeIgniter\View\{closure}()
#3 C:\xampp\htdocs\aep\system\Common.php(1089): CodeIgniter\View\View->render('asistencias', Array, true)
#4 C:\xampp\htdocs\aep\app\Controllers\Asistencia.php(32): view('asistencias', Array)
#5 C:\xampp\htdocs\aep\system\CodeIgniter.php(832): App\Controllers\Asistencia->index()
#6 C:\xampp\htdocs\aep\system\CodeIgniter.php(419): CodeIgniter\CodeIgniter->runController(Object(App\Controllers\Asistencia))
#7 C:\xampp\htdocs\aep\system\CodeIgniter.php(326): CodeIgniter\CodeIgniter->handleRequest(NULL, Object(Config\Cache), false)
#8 C:\xampp\htdocs\aep\public\index.php(37): CodeIgniter\CodeIgniter->run()
#9 {main}
CRITICAL - 2022-06-18 11:19:32 --> Undefined variable $users
#0 C:\xampp\htdocs\aep\app\Views\asistencias.php(12): CodeIgniter\Debug\Exceptions->errorHandler(2, 'Undefined varia...', 'C:\\xampp\\htdocs...', 12)
#1 C:\xampp\htdocs\aep\system\View\View.php(210): include('C:\\xampp\\htdocs...')
#2 C:\xampp\htdocs\aep\system\View\View.php(213): CodeIgniter\View\View->CodeIgniter\View\{closure}()
#3 C:\xampp\htdocs\aep\system\Common.php(1089): CodeIgniter\View\View->render('asistencias', Array, true)
#4 C:\xampp\htdocs\aep\app\Controllers\Asistencia.php(32): view('asistencias', Array)
#5 C:\xampp\htdocs\aep\system\CodeIgniter.php(832): App\Controllers\Asistencia->index()
#6 C:\xampp\htdocs\aep\system\CodeIgniter.php(419): CodeIgniter\CodeIgniter->runController(Object(App\Controllers\Asistencia))
#7 C:\xampp\htdocs\aep\system\CodeIgniter.php(326): CodeIgniter\CodeIgniter->handleRequest(NULL, Object(Config\Cache), false)
#8 C:\xampp\htdocs\aep\public\index.php(37): CodeIgniter\CodeIgniter->run()
#9 {main}
CRITICAL - 2022-06-18 11:20:02 --> Undefined variable $users
#0 C:\xampp\htdocs\aep\app\Views\asistencias.php(12): CodeIgniter\Debug\Exceptions->errorHandler(2, 'Undefined varia...', 'C:\\xampp\\htdocs...', 12)
#1 C:\xampp\htdocs\aep\system\View\View.php(210): include('C:\\xampp\\htdocs...')
#2 C:\xampp\htdocs\aep\system\View\View.php(213): CodeIgniter\View\View->CodeIgniter\View\{closure}()
#3 C:\xampp\htdocs\aep\system\Common.php(1089): CodeIgniter\View\View->render('asistencias', Array, true)
#4 C:\xampp\htdocs\aep\app\Controllers\Asistencia.php(32): view('asistencias', Array)
#5 C:\xampp\htdocs\aep\system\CodeIgniter.php(832): App\Controllers\Asistencia->index()
#6 C:\xampp\htdocs\aep\system\CodeIgniter.php(419): CodeIgniter\CodeIgniter->runController(Object(App\Controllers\Asistencia))
#7 C:\xampp\htdocs\aep\system\CodeIgniter.php(326): CodeIgniter\CodeIgniter->handleRequest(NULL, Object(Config\Cache), false)
#8 C:\xampp\htdocs\aep\public\index.php(37): CodeIgniter\CodeIgniter->run()
#9 {main}
CRITICAL - 2022-06-18 11:20:12 --> Undefined variable $users
#0 C:\xampp\htdocs\aep\app\Views\asistencias.php(12): CodeIgniter\Debug\Exceptions->errorHandler(2, 'Undefined varia...', 'C:\\xampp\\htdocs...', 12)
#1 C:\xampp\htdocs\aep\system\View\View.php(210): include('C:\\xampp\\htdocs...')
#2 C:\xampp\htdocs\aep\system\View\View.php(213): CodeIgniter\View\View->CodeIgniter\View\{closure}()
#3 C:\xampp\htdocs\aep\system\Common.php(1089): CodeIgniter\View\View->render('asistencias', Array, true)
#4 C:\xampp\htdocs\aep\app\Controllers\Asistencia.php(32): view('asistencias', Array)
#5 C:\xampp\htdocs\aep\system\CodeIgniter.php(832): App\Controllers\Asistencia->index()
#6 C:\xampp\htdocs\aep\system\CodeIgniter.php(419): CodeIgniter\CodeIgniter->runController(Object(App\Controllers\Asistencia))
#7 C:\xampp\htdocs\aep\system\CodeIgniter.php(326): CodeIgniter\CodeIgniter->handleRequest(NULL, Object(Config\Cache), false)
#8 C:\xampp\htdocs\aep\public\index.php(37): CodeIgniter\CodeIgniter->run()
#9 {main}
CRITICAL - 2022-06-18 11:20:31 --> Undefined variable $data
#0 C:\xampp\htdocs\aep\app\Views\asistencias.php(12): CodeIgniter\Debug\Exceptions->errorHandler(2, 'Undefined varia...', 'C:\\xampp\\htdocs...', 12)
#1 C:\xampp\htdocs\aep\system\View\View.php(210): include('C:\\xampp\\htdocs...')
#2 C:\xampp\htdocs\aep\system\View\View.php(213): CodeIgniter\View\View->CodeIgniter\View\{closure}()
#3 C:\xampp\htdocs\aep\system\Common.php(1089): CodeIgniter\View\View->render('asistencias', Array, true)
#4 C:\xampp\htdocs\aep\app\Controllers\Asistencia.php(32): view('asistencias', Array)
#5 C:\xampp\htdocs\aep\system\CodeIgniter.php(832): App\Controllers\Asistencia->index()
#6 C:\xampp\htdocs\aep\system\CodeIgniter.php(419): CodeIgniter\CodeIgniter->runController(Object(App\Controllers\Asistencia))
#7 C:\xampp\htdocs\aep\system\CodeIgniter.php(326): CodeIgniter\CodeIgniter->handleRequest(NULL, Object(Config\Cache), false)
#8 C:\xampp\htdocs\aep\public\index.php(37): CodeIgniter\CodeIgniter->run()
#9 {main}
CRITICAL - 2022-06-18 11:21:52 --> Call to undefined method CodeIgniter\Database\MySQLi\Builder::getResult()
#0 C:\xampp\htdocs\aep\system\CodeIgniter.php(832): App\Controllers\Asistencia->index()
#1 C:\xampp\htdocs\aep\system\CodeIgniter.php(419): CodeIgniter\CodeIgniter->runController(Object(App\Controllers\Asistencia))
#2 C:\xampp\htdocs\aep\system\CodeIgniter.php(326): CodeIgniter\CodeIgniter->handleRequest(NULL, Object(Config\Cache), false)
#3 C:\xampp\htdocs\aep\public\index.php(37): CodeIgniter\CodeIgniter->run()
#4 {main}
CRITICAL - 2022-06-18 11:21:55 --> Undefined variable $data
#0 C:\xampp\htdocs\aep\app\Views\asistencias.php(12): CodeIgniter\Debug\Exceptions->errorHandler(2, 'Undefined varia...', 'C:\\xampp\\htdocs...', 12)
#1 C:\xampp\htdocs\aep\system\View\View.php(210): include('C:\\xampp\\htdocs...')
#2 C:\xampp\htdocs\aep\system\View\View.php(213): CodeIgniter\View\View->CodeIgniter\View\{closure}()
#3 C:\xampp\htdocs\aep\system\Common.php(1089): CodeIgniter\View\View->render('asistencias', Array, true)
#4 C:\xampp\htdocs\aep\app\Controllers\Asistencia.php(32): view('asistencias', Array)
#5 C:\xampp\htdocs\aep\system\CodeIgniter.php(832): App\Controllers\Asistencia->index()
#6 C:\xampp\htdocs\aep\system\CodeIgniter.php(419): CodeIgniter\CodeIgniter->runController(Object(App\Controllers\Asistencia))
#7 C:\xampp\htdocs\aep\system\CodeIgniter.php(326): CodeIgniter\CodeIgniter->handleRequest(NULL, Object(Config\Cache), false)
#8 C:\xampp\htdocs\aep\public\index.php(37): CodeIgniter\CodeIgniter->run()
#9 {main}
CRITICAL - 2022-06-18 11:22:44 --> Undefined variable $data
#0 C:\xampp\htdocs\aep\app\Views\asistencias.php(12): CodeIgniter\Debug\Exceptions->errorHandler(2, 'Undefined varia...', 'C:\\xampp\\htdocs...', 12)
#1 C:\xampp\htdocs\aep\system\View\View.php(210): include('C:\\xampp\\htdocs...')
#2 C:\xampp\htdocs\aep\system\View\View.php(213): CodeIgniter\View\View->CodeIgniter\View\{closure}()
#3 C:\xampp\htdocs\aep\system\Common.php(1089): CodeIgniter\View\View->render('asistencias', Array, true)
#4 C:\xampp\htdocs\aep\app\Controllers\Asistencia.php(32): view('asistencias', Array)
#5 C:\xampp\htdocs\aep\system\CodeIgniter.php(832): App\Controllers\Asistencia->index()
#6 C:\xampp\htdocs\aep\system\CodeIgniter.php(419): CodeIgniter\CodeIgniter->runController(Object(App\Controllers\Asistencia))
#7 C:\xampp\htdocs\aep\system\CodeIgniter.php(326): CodeIgniter\CodeIgniter->handleRequest(NULL, Object(Config\Cache), false)
#8 C:\xampp\htdocs\aep\public\index.php(37): CodeIgniter\CodeIgniter->run()
#9 {main}
CRITICAL - 2022-06-18 11:22:55 --> Undefined variable $data
#0 C:\xampp\htdocs\aep\app\Views\asistencias.php(12): CodeIgniter\Debug\Exceptions->errorHandler(2, 'Undefined varia...', 'C:\\xampp\\htdocs...', 12)
#1 C:\xampp\htdocs\aep\system\View\View.php(210): include('C:\\xampp\\htdocs...')
#2 C:\xampp\htdocs\aep\system\View\View.php(213): CodeIgniter\View\View->CodeIgniter\View\{closure}()
#3 C:\xampp\htdocs\aep\system\Common.php(1089): CodeIgniter\View\View->render('asistencias', Array, true)
#4 C:\xampp\htdocs\aep\app\Controllers\Asistencia.php(32): view('asistencias', Array)
#5 C:\xampp\htdocs\aep\system\CodeIgniter.php(832): App\Controllers\Asistencia->index()
#6 C:\xampp\htdocs\aep\system\CodeIgniter.php(419): CodeIgniter\CodeIgniter->runController(Object(App\Controllers\Asistencia))
#7 C:\xampp\htdocs\aep\system\CodeIgniter.php(326): CodeIgniter\CodeIgniter->handleRequest(NULL, Object(Config\Cache), false)
#8 C:\xampp\htdocs\aep\public\index.php(37): CodeIgniter\CodeIgniter->run()
#9 {main}
CRITICAL - 2022-06-18 11:23:18 --> Undefined variable $data
#0 C:\xampp\htdocs\aep\app\Views\asistencias.php(12): CodeIgniter\Debug\Exceptions->errorHandler(2, 'Undefined varia...', 'C:\\xampp\\htdocs...', 12)
#1 C:\xampp\htdocs\aep\system\View\View.php(210): include('C:\\xampp\\htdocs...')
#2 C:\xampp\htdocs\aep\system\View\View.php(213): CodeIgniter\View\View->CodeIgniter\View\{closure}()
#3 C:\xampp\htdocs\aep\system\Common.php(1089): CodeIgniter\View\View->render('asistencias', Array, true)
#4 C:\xampp\htdocs\aep\app\Controllers\Asistencia.php(32): view('asistencias', Array)
#5 C:\xampp\htdocs\aep\system\CodeIgniter.php(832): App\Controllers\Asistencia->index()
#6 C:\xampp\htdocs\aep\system\CodeIgniter.php(419): CodeIgniter\CodeIgniter->runController(Object(App\Controllers\Asistencia))
#7 C:\xampp\htdocs\aep\system\CodeIgniter.php(326): CodeIgniter\CodeIgniter->handleRequest(NULL, Object(Config\Cache), false)
#8 C:\xampp\htdocs\aep\public\index.php(37): CodeIgniter\CodeIgniter->run()
#9 {main}
CRITICAL - 2022-06-18 11:24:06 --> Undefined variable $data
#0 C:\xampp\htdocs\aep\app\Views\asistencias.php(12): CodeIgniter\Debug\Exceptions->errorHandler(2, 'Undefined varia...', 'C:\\xampp\\htdocs...', 12)
#1 C:\xampp\htdocs\aep\system\View\View.php(210): include('C:\\xampp\\htdocs...')
#2 C:\xampp\htdocs\aep\system\View\View.php(213): CodeIgniter\View\View->CodeIgniter\View\{closure}()
#3 C:\xampp\htdocs\aep\system\Common.php(1089): CodeIgniter\View\View->render('asistencias', Array, true)
#4 C:\xampp\htdocs\aep\app\Controllers\Asistencia.php(37): view('asistencias', Array)
#5 C:\xampp\htdocs\aep\system\CodeIgniter.php(832): App\Controllers\Asistencia->index()
#6 C:\xampp\htdocs\aep\system\CodeIgniter.php(419): CodeIgniter\CodeIgniter->runController(Object(App\Controllers\Asistencia))
#7 C:\xampp\htdocs\aep\system\CodeIgniter.php(326): CodeIgniter\CodeIgniter->handleRequest(NULL, Object(Config\Cache), false)
#8 C:\xampp\htdocs\aep\public\index.php(37): CodeIgniter\CodeIgniter->run()
#9 {main}
CRITICAL - 2022-06-18 11:24:15 --> Undefined variable $data
#0 C:\xampp\htdocs\aep\app\Views\asistencias.php(12): CodeIgniter\Debug\Exceptions->errorHandler(2, 'Undefined varia...', 'C:\\xampp\\htdocs...', 12)
#1 C:\xampp\htdocs\aep\system\View\View.php(210): include('C:\\xampp\\htdocs...')
#2 C:\xampp\htdocs\aep\system\View\View.php(213): CodeIgniter\View\View->CodeIgniter\View\{closure}()
#3 C:\xampp\htdocs\aep\system\Common.php(1089): CodeIgniter\View\View->render('asistencias', Array, true)
#4 C:\xampp\htdocs\aep\app\Controllers\Asistencia.php(37): view('asistencias', Array)
#5 C:\xampp\htdocs\aep\system\CodeIgniter.php(832): App\Controllers\Asistencia->index()
#6 C:\xampp\htdocs\aep\system\CodeIgniter.php(419): CodeIgniter\CodeIgniter->runController(Object(App\Controllers\Asistencia))
#7 C:\xampp\htdocs\aep\system\CodeIgniter.php(326): CodeIgniter\CodeIgniter->handleRequest(NULL, Object(Config\Cache), false)
#8 C:\xampp\htdocs\aep\public\index.php(37): CodeIgniter\CodeIgniter->run()
#9 {main}
CRITICAL - 2022-06-18 11:24:32 --> syntax error, unexpected token ";"
#0 C:\xampp\htdocs\aep\system\View\View.php(213): CodeIgniter\View\View->CodeIgniter\View\{closure}()
#1 C:\xampp\htdocs\aep\system\Common.php(1089): CodeIgniter\View\View->render('asistencias', Array, true)
#2 C:\xampp\htdocs\aep\app\Controllers\Asistencia.php(37): view('asistencias', Array)
#3 C:\xampp\htdocs\aep\system\CodeIgniter.php(832): App\Controllers\Asistencia->index()
#4 C:\xampp\htdocs\aep\system\CodeIgniter.php(419): CodeIgniter\CodeIgniter->runController(Object(App\Controllers\Asistencia))
#5 C:\xampp\htdocs\aep\system\CodeIgniter.php(326): CodeIgniter\CodeIgniter->handleRequest(NULL, Object(Config\Cache), false)
#6 C:\xampp\htdocs\aep\public\index.php(37): CodeIgniter\CodeIgniter->run()
#7 {main}
CRITICAL - 2022-06-18 11:24:48 --> Undefined variable $data
#0 C:\xampp\htdocs\aep\app\Views\asistencias.php(12): CodeIgniter\Debug\Exceptions->errorHandler(2, 'Undefined varia...', 'C:\\xampp\\htdocs...', 12)
#1 C:\xampp\htdocs\aep\system\View\View.php(210): include('C:\\xampp\\htdocs...')
#2 C:\xampp\htdocs\aep\system\View\View.php(213): CodeIgniter\View\View->CodeIgniter\View\{closure}()
#3 C:\xampp\htdocs\aep\system\Common.php(1089): CodeIgniter\View\View->render('asistencias', Array, true)
#4 C:\xampp\htdocs\aep\app\Controllers\Asistencia.php(37): view('asistencias', Array)
#5 C:\xampp\htdocs\aep\system\CodeIgniter.php(832): App\Controllers\Asistencia->index()
#6 C:\xampp\htdocs\aep\system\CodeIgniter.php(419): CodeIgniter\CodeIgniter->runController(Object(App\Controllers\Asistencia))
#7 C:\xampp\htdocs\aep\system\CodeIgniter.php(326): CodeIgniter\CodeIgniter->handleRequest(NULL, Object(Config\Cache), false)
#8 C:\xampp\htdocs\aep\public\index.php(37): CodeIgniter\CodeIgniter->run()
#9 {main}
CRITICAL - 2022-06-18 11:24:56 --> Undefined variable $dt
#0 C:\xampp\htdocs\aep\app\Views\asistencias.php(14): CodeIgniter\Debug\Exceptions->errorHandler(2, 'Undefined varia...', 'C:\\xampp\\htdocs...', 14)
#1 C:\xampp\htdocs\aep\system\View\View.php(210): include('C:\\xampp\\htdocs...')
#2 C:\xampp\htdocs\aep\system\View\View.php(213): CodeIgniter\View\View->CodeIgniter\View\{closure}()
#3 C:\xampp\htdocs\aep\system\Common.php(1089): CodeIgniter\View\View->render('asistencias', Array, true)
#4 C:\xampp\htdocs\aep\app\Controllers\Asistencia.php(37): view('asistencias', Array)
#5 C:\xampp\htdocs\aep\system\CodeIgniter.php(832): App\Controllers\Asistencia->index()
#6 C:\xampp\htdocs\aep\system\CodeIgniter.php(419): CodeIgniter\CodeIgniter->runController(Object(App\Controllers\Asistencia))
#7 C:\xampp\htdocs\aep\system\CodeIgniter.php(326): CodeIgniter\CodeIgniter->handleRequest(NULL, Object(Config\Cache), false)
#8 C:\xampp\htdocs\aep\public\index.php(37): CodeIgniter\CodeIgniter->run()
#9 {main}
CRITICAL - 2022-06-18 11:25:15 --> Undefined variable $data
#0 C:\xampp\htdocs\aep\app\Views\asistencias.php(12): CodeIgniter\Debug\Exceptions->errorHandler(2, 'Undefined varia...', 'C:\\xampp\\htdocs...', 12)
#1 C:\xampp\htdocs\aep\system\View\View.php(210): include('C:\\xampp\\htdocs...')
#2 C:\xampp\htdocs\aep\system\View\View.php(213): CodeIgniter\View\View->CodeIgniter\View\{closure}()
#3 C:\xampp\htdocs\aep\system\Common.php(1089): CodeIgniter\View\View->render('asistencias', Array, true)
#4 C:\xampp\htdocs\aep\app\Controllers\Asistencia.php(37): view('asistencias', Array)
#5 C:\xampp\htdocs\aep\system\CodeIgniter.php(832): App\Controllers\Asistencia->index()
#6 C:\xampp\htdocs\aep\system\CodeIgniter.php(419): CodeIgniter\CodeIgniter->runController(Object(App\Controllers\Asistencia))
#7 C:\xampp\htdocs\aep\system\CodeIgniter.php(326): CodeIgniter\CodeIgniter->handleRequest(NULL, Object(Config\Cache), false)
#8 C:\xampp\htdocs\aep\public\index.php(37): CodeIgniter\CodeIgniter->run()
#9 {main}
CRITICAL - 2022-06-18 11:25:50 --> Undefined variable $data
#0 C:\xampp\htdocs\aep\app\Views\asistencias.php(3): CodeIgniter\Debug\Exceptions->errorHandler(2, 'Undefined varia...', 'C:\\xampp\\htdocs...', 3)
#1 C:\xampp\htdocs\aep\system\View\View.php(210): include('C:\\xampp\\htdocs...')
#2 C:\xampp\htdocs\aep\system\View\View.php(213): CodeIgniter\View\View->CodeIgniter\View\{closure}()
#3 C:\xampp\htdocs\aep\system\Common.php(1089): CodeIgniter\View\View->render('asistencias', Array, true)
#4 C:\xampp\htdocs\aep\app\Controllers\Asistencia.php(28): view('asistencias', Array)
#5 C:\xampp\htdocs\aep\system\CodeIgniter.php(832): App\Controllers\Asistencia->index()
#6 C:\xampp\htdocs\aep\system\CodeIgniter.php(419): CodeIgniter\CodeIgniter->runController(Object(App\Controllers\Asistencia))
#7 C:\xampp\htdocs\aep\system\CodeIgniter.php(326): CodeIgniter\CodeIgniter->handleRequest(NULL, Object(Config\Cache), false)
#8 C:\xampp\htdocs\aep\public\index.php(37): CodeIgniter\CodeIgniter->run()
#9 {main}
CRITICAL - 2022-06-18 11:25:57 --> Undefined variable $data
#0 C:\xampp\htdocs\aep\app\Views\asistencias.php(4): CodeIgniter\Debug\Exceptions->errorHandler(2, 'Undefined varia...', 'C:\\xampp\\htdocs...', 4)
#1 C:\xampp\htdocs\aep\system\View\View.php(210): include('C:\\xampp\\htdocs...')
#2 C:\xampp\htdocs\aep\system\View\View.php(213): CodeIgniter\View\View->CodeIgniter\View\{closure}()
#3 C:\xampp\htdocs\aep\system\Common.php(1089): CodeIgniter\View\View->render('asistencias', Array, true)
#4 C:\xampp\htdocs\aep\app\Controllers\Asistencia.php(28): view('asistencias', Array)
#5 C:\xampp\htdocs\aep\system\CodeIgniter.php(832): App\Controllers\Asistencia->index()
#6 C:\xampp\htdocs\aep\system\CodeIgniter.php(419): CodeIgniter\CodeIgniter->runController(Object(App\Controllers\Asistencia))
#7 C:\xampp\htdocs\aep\system\CodeIgniter.php(326): CodeIgniter\CodeIgniter->handleRequest(NULL, Object(Config\Cache), false)
#8 C:\xampp\htdocs\aep\public\index.php(37): CodeIgniter\CodeIgniter->run()
#9 {main}
CRITICAL - 2022-06-18 11:26:04 --> Undefined variable $data
#0 C:\xampp\htdocs\aep\app\Views\asistencias.php(4): CodeIgniter\Debug\Exceptions->errorHandler(2, 'Undefined varia...', 'C:\\xampp\\htdocs...', 4)
#1 C:\xampp\htdocs\aep\system\View\View.php(210): include('C:\\xampp\\htdocs...')
#2 C:\xampp\htdocs\aep\system\View\View.php(213): CodeIgniter\View\View->CodeIgniter\View\{closure}()
#3 C:\xampp\htdocs\aep\system\Common.php(1089): CodeIgniter\View\View->render('asistencias', Array, true)
#4 C:\xampp\htdocs\aep\app\Controllers\Asistencia.php(28): view('asistencias', Array)
#5 C:\xampp\htdocs\aep\system\CodeIgniter.php(832): App\Controllers\Asistencia->index()
#6 C:\xampp\htdocs\aep\system\CodeIgniter.php(419): CodeIgniter\CodeIgniter->runController(Object(App\Controllers\Asistencia))
#7 C:\xampp\htdocs\aep\system\CodeIgniter.php(326): CodeIgniter\CodeIgniter->handleRequest(NULL, Object(Config\Cache), false)
#8 C:\xampp\htdocs\aep\public\index.php(37): CodeIgniter\CodeIgniter->run()
#9 {main}
CRITICAL - 2022-06-18 11:26:05 --> Undefined variable $data
#0 C:\xampp\htdocs\aep\app\Views\asistencias.php(4): CodeIgniter\Debug\Exceptions->errorHandler(2, 'Undefined varia...', 'C:\\xampp\\htdocs...', 4)
#1 C:\xampp\htdocs\aep\system\View\View.php(210): include('C:\\xampp\\htdocs...')
#2 C:\xampp\htdocs\aep\system\View\View.php(213): CodeIgniter\View\View->CodeIgniter\View\{closure}()
#3 C:\xampp\htdocs\aep\system\Common.php(1089): CodeIgniter\View\View->render('asistencias', Array, true)
#4 C:\xampp\htdocs\aep\app\Controllers\Asistencia.php(28): view('asistencias', Array)
#5 C:\xampp\htdocs\aep\system\CodeIgniter.php(832): App\Controllers\Asistencia->index()
#6 C:\xampp\htdocs\aep\system\CodeIgniter.php(419): CodeIgniter\CodeIgniter->runController(Object(App\Controllers\Asistencia))
#7 C:\xampp\htdocs\aep\system\CodeIgniter.php(326): CodeIgniter\CodeIgniter->handleRequest(NULL, Object(Config\Cache), false)
#8 C:\xampp\htdocs\aep\public\index.php(37): CodeIgniter\CodeIgniter->run()
#9 {main}
CRITICAL - 2022-06-18 11:26:05 --> Undefined variable $data
#0 C:\xampp\htdocs\aep\app\Views\asistencias.php(4): CodeIgniter\Debug\Exceptions->errorHandler(2, 'Undefined varia...', 'C:\\xampp\\htdocs...', 4)
#1 C:\xampp\htdocs\aep\system\View\View.php(210): include('C:\\xampp\\htdocs...')
#2 C:\xampp\htdocs\aep\system\View\View.php(213): CodeIgniter\View\View->CodeIgniter\View\{closure}()
#3 C:\xampp\htdocs\aep\system\Common.php(1089): CodeIgniter\View\View->render('asistencias', Array, true)
#4 C:\xampp\htdocs\aep\app\Controllers\Asistencia.php(28): view('asistencias', Array)
#5 C:\xampp\htdocs\aep\system\CodeIgniter.php(832): App\Controllers\Asistencia->index()
#6 C:\xampp\htdocs\aep\system\CodeIgniter.php(419): CodeIgniter\CodeIgniter->runController(Object(App\Controllers\Asistencia))
#7 C:\xampp\htdocs\aep\system\CodeIgniter.php(326): CodeIgniter\CodeIgniter->handleRequest(NULL, Object(Config\Cache), false)
#8 C:\xampp\htdocs\aep\public\index.php(37): CodeIgniter\CodeIgniter->run()
#9 {main}
CRITICAL - 2022-06-18 11:26:51 --> Undefined variable $data
#0 C:\xampp\htdocs\aep\app\Views\asistencias.php(22): CodeIgniter\Debug\Exceptions->errorHandler(2, 'Undefined varia...', 'C:\\xampp\\htdocs...', 22)
#1 C:\xampp\htdocs\aep\system\View\View.php(210): include('C:\\xampp\\htdocs...')
#2 C:\xampp\htdocs\aep\system\View\View.php(213): CodeIgniter\View\View->CodeIgniter\View\{closure}()
#3 C:\xampp\htdocs\aep\system\Common.php(1089): CodeIgniter\View\View->render('asistencias', Array, true)
#4 C:\xampp\htdocs\aep\app\Controllers\Asistencia.php(29): view('asistencias', Array)
#5 C:\xampp\htdocs\aep\system\CodeIgniter.php(832): App\Controllers\Asistencia->index()
#6 C:\xampp\htdocs\aep\system\CodeIgniter.php(419): CodeIgniter\CodeIgniter->runController(Object(App\Controllers\Asistencia))
#7 C:\xampp\htdocs\aep\system\CodeIgniter.php(326): CodeIgniter\CodeIgniter->handleRequest(NULL, Object(Config\Cache), false)
#8 C:\xampp\htdocs\aep\public\index.php(37): CodeIgniter\CodeIgniter->run()
#9 {main}
CRITICAL - 2022-06-18 12:23:07 --> Undefined variable $valor
#0 C:\xampp\htdocs\aep\app\Controllers\Asistencia.php(34): CodeIgniter\Debug\Exceptions->errorHandler(2, 'Undefined varia...', 'C:\\xampp\\htdocs...', 34)
#1 C:\xampp\htdocs\aep\system\CodeIgniter.php(832): App\Controllers\Asistencia->frances('fp5')
#2 C:\xampp\htdocs\aep\system\CodeIgniter.php(419): CodeIgniter\CodeIgniter->runController(Object(App\Controllers\Asistencia))
#3 C:\xampp\htdocs\aep\system\CodeIgniter.php(326): CodeIgniter\CodeIgniter->handleRequest(NULL, Object(Config\Cache), false)
#4 C:\xampp\htdocs\aep\public\index.php(37): CodeIgniter\CodeIgniter->run()
#5 {main}
CRITICAL - 2022-06-18 12:39:20 --> Too few arguments to function App\Controllers\Asistencia::frances(), 0 passed in C:\xampp\htdocs\aep\system\CodeIgniter.php on line 832 and exactly 1 expected
#0 C:\xampp\htdocs\aep\system\CodeIgniter.php(832): App\Controllers\Asistencia->frances()
#1 C:\xampp\htdocs\aep\system\CodeIgniter.php(419): CodeIgniter\CodeIgniter->runController(Object(App\Controllers\Asistencia))
#2 C:\xampp\htdocs\aep\system\CodeIgniter.php(326): CodeIgniter\CodeIgniter->handleRequest(NULL, Object(Config\Cache), false)
#3 C:\xampp\htdocs\aep\public\index.php(37): CodeIgniter\CodeIgniter->run()
#4 {main}
CRITICAL - 2022-06-18 12:39:31 --> Too few arguments to function App\Controllers\Asistencia::frances(), 0 passed in C:\xampp\htdocs\aep\system\CodeIgniter.php on line 832 and exactly 1 expected
#0 C:\xampp\htdocs\aep\system\CodeIgniter.php(832): App\Controllers\Asistencia->frances()
#1 C:\xampp\htdocs\aep\system\CodeIgniter.php(419): CodeIgniter\CodeIgniter->runController(Object(App\Controllers\Asistencia))
#2 C:\xampp\htdocs\aep\system\CodeIgniter.php(326): CodeIgniter\CodeIgniter->handleRequest(NULL, Object(Config\Cache), false)
#3 C:\xampp\htdocs\aep\public\index.php(37): CodeIgniter\CodeIgniter->run()
#4 {main}
CRITICAL - 2022-06-18 12:39:57 --> Too few arguments to function App\Controllers\Asistencia::frances(), 0 passed in C:\xampp\htdocs\aep\system\CodeIgniter.php on line 832 and exactly 1 expected
#0 C:\xampp\htdocs\aep\system\CodeIgniter.php(832): App\Controllers\Asistencia->frances()
#1 C:\xampp\htdocs\aep\system\CodeIgniter.php(419): CodeIgniter\CodeIgniter->runController(Object(App\Controllers\Asistencia))
#2 C:\xampp\htdocs\aep\system\CodeIgniter.php(326): CodeIgniter\CodeIgniter->handleRequest(NULL, Object(Config\Cache), false)
#3 C:\xampp\htdocs\aep\public\index.php(37): CodeIgniter\CodeIgniter->run()
#4 {main}
CRITICAL - 2022-06-18 12:40:12 --> Too few arguments to function App\Controllers\Asistencia::frances(), 0 passed in C:\xampp\htdocs\aep\system\CodeIgniter.php on line 832 and exactly 1 expected
#0 C:\xampp\htdocs\aep\system\CodeIgniter.php(832): App\Controllers\Asistencia->frances()
#1 C:\xampp\htdocs\aep\system\CodeIgniter.php(419): CodeIgniter\CodeIgniter->runController(Object(App\Controllers\Asistencia))
#2 C:\xampp\htdocs\aep\system\CodeIgniter.php(326): CodeIgniter\CodeIgniter->handleRequest(NULL, Object(Config\Cache), false)
#3 C:\xampp\htdocs\aep\public\index.php(37): CodeIgniter\CodeIgniter->run()
#4 {main}
CRITICAL - 2022-06-18 12:40:14 --> Too few arguments to function App\Controllers\Asistencia::frances(), 0 passed in C:\xampp\htdocs\aep\system\CodeIgniter.php on line 832 and exactly 1 expected
#0 C:\xampp\htdocs\aep\system\CodeIgniter.php(832): App\Controllers\Asistencia->frances()
#1 C:\xampp\htdocs\aep\system\CodeIgniter.php(419): CodeIgniter\CodeIgniter->runController(Object(App\Controllers\Asistencia))
#2 C:\xampp\htdocs\aep\system\CodeIgniter.php(326): CodeIgniter\CodeIgniter->handleRequest(NULL, Object(Config\Cache), false)
#3 C:\xampp\htdocs\aep\public\index.php(37): CodeIgniter\CodeIgniter->run()
#4 {main}
CRITICAL - 2022-06-18 12:40:24 --> Too few arguments to function App\Controllers\Asistencia::frances(), 0 passed in C:\xampp\htdocs\aep\system\CodeIgniter.php on line 832 and exactly 1 expected
#0 C:\xampp\htdocs\aep\system\CodeIgniter.php(832): App\Controllers\Asistencia->frances()
#1 C:\xampp\htdocs\aep\system\CodeIgniter.php(419): CodeIgniter\CodeIgniter->runController(Object(App\Controllers\Asistencia))
#2 C:\xampp\htdocs\aep\system\CodeIgniter.php(326): CodeIgniter\CodeIgniter->handleRequest(NULL, Object(Config\Cache), false)
#3 C:\xampp\htdocs\aep\public\index.php(37): CodeIgniter\CodeIgniter->run()
#4 {main}
CRITICAL - 2022-06-18 12:41:45 --> Too few arguments to function App\Controllers\Asistencia::frances(), 0 passed in C:\xampp\htdocs\aep\system\CodeIgniter.php on line 832 and exactly 1 expected
#0 C:\xampp\htdocs\aep\system\CodeIgniter.php(832): App\Controllers\Asistencia->frances()
#1 C:\xampp\htdocs\aep\system\CodeIgniter.php(419): CodeIgniter\CodeIgniter->runController(Object(App\Controllers\Asistencia))
#2 C:\xampp\htdocs\aep\system\CodeIgniter.php(326): CodeIgniter\CodeIgniter->handleRequest(NULL, Object(Config\Cache), false)
#3 C:\xampp\htdocs\aep\public\index.php(37): CodeIgniter\CodeIgniter->run()
#4 {main}
CRITICAL - 2022-06-18 12:43:38 --> Too few arguments to function App\Controllers\Asistencia::frances(), 0 passed in C:\xampp\htdocs\aep\system\CodeIgniter.php on line 832 and exactly 1 expected
#0 C:\xampp\htdocs\aep\system\CodeIgniter.php(832): App\Controllers\Asistencia->frances()
#1 C:\xampp\htdocs\aep\system\CodeIgniter.php(419): CodeIgniter\CodeIgniter->runController(Object(App\Controllers\Asistencia))
#2 C:\xampp\htdocs\aep\system\CodeIgniter.php(326): CodeIgniter\CodeIgniter->handleRequest(NULL, Object(Config\Cache), false)
#3 C:\xampp\htdocs\aep\public\index.php(37): CodeIgniter\CodeIgniter->run()
#4 {main}
CRITICAL - 2022-06-18 12:43:39 --> Too few arguments to function App\Controllers\Asistencia::frances(), 0 passed in C:\xampp\htdocs\aep\system\CodeIgniter.php on line 832 and exactly 1 expected
#0 C:\xampp\htdocs\aep\system\CodeIgniter.php(832): App\Controllers\Asistencia->frances()
#1 C:\xampp\htdocs\aep\system\CodeIgniter.php(419): CodeIgniter\CodeIgniter->runController(Object(App\Controllers\Asistencia))
#2 C:\xampp\htdocs\aep\system\CodeIgniter.php(326): CodeIgniter\CodeIgniter->handleRequest(NULL, Object(Config\Cache), false)
#3 C:\xampp\htdocs\aep\public\index.php(37): CodeIgniter\CodeIgniter->run()
#4 {main}
CRITICAL - 2022-06-18 12:47:35 --> Too few arguments to function App\Controllers\Asistencia::frances(), 0 passed in C:\xampp\htdocs\aep\system\CodeIgniter.php on line 832 and exactly 1 expected
#0 C:\xampp\htdocs\aep\system\CodeIgniter.php(832): App\Controllers\Asistencia->frances()
#1 C:\xampp\htdocs\aep\system\CodeIgniter.php(419): CodeIgniter\CodeIgniter->runController(Object(App\Controllers\Asistencia))
#2 C:\xampp\htdocs\aep\system\CodeIgniter.php(326): CodeIgniter\CodeIgniter->handleRequest(NULL, Object(Config\Cache), false)
#3 C:\xampp\htdocs\aep\public\index.php(37): CodeIgniter\CodeIgniter->run()
#4 {main}
CRITICAL - 2022-06-18 12:47:51 --> Too few arguments to function App\Controllers\Asistencia::frances(), 0 passed in C:\xampp\htdocs\aep\system\CodeIgniter.php on line 832 and exactly 1 expected
#0 C:\xampp\htdocs\aep\system\CodeIgniter.php(832): App\Controllers\Asistencia->frances()
#1 C:\xampp\htdocs\aep\system\CodeIgniter.php(419): CodeIgniter\CodeIgniter->runController(Object(App\Controllers\Asistencia))
#2 C:\xampp\htdocs\aep\system\CodeIgniter.php(326): CodeIgniter\CodeIgniter->handleRequest(NULL, Object(Config\Cache), false)
#3 C:\xampp\htdocs\aep\public\index.php(37): CodeIgniter\CodeIgniter->run()
#4 {main}
