CRITICAL - 2022-06-20 00:02:56 --> Access level to App\Models\ListadoModel::$db must be protected (as in class CodeIgniter\BaseModel) or weaker
#0 [internal function]: CodeIgniter\Debug\Exceptions->shutdownHandler()
#1 {main}
CRITICAL - 2022-06-20 00:03:29 --> Access level to App\Models\ListadoModel::$db must be protected (as in class CodeIgniter\BaseModel) or weaker
#0 [internal function]: CodeIgniter\Debug\Exceptions->shutdownHandler()
#1 {main}
CRITICAL - 2022-06-20 00:03:37 --> Access level to App\Models\ListadoModel::$db must be protected (as in class CodeIgniter\BaseModel) or weaker
#0 [internal function]: CodeIgniter\Debug\Exceptions->shutdownHandler()
#1 {main}
CRITICAL - 2022-06-20 00:43:29 --> array_push(): Argument #1 ($array) must be of type array, null given
#0 C:\xampp\htdocs\enjoyit\app\Controllers\Home.php(12): array_push(NULL, '')
#1 C:\xampp\htdocs\enjoyit\system\CodeIgniter.php(832): App\Controllers\Home->index()
#2 C:\xampp\htdocs\enjoyit\system\CodeIgniter.php(419): CodeIgniter\CodeIgniter->runController(Object(App\Controllers\Home))
#3 C:\xampp\htdocs\enjoyit\system\CodeIgniter.php(326): CodeIgniter\CodeIgniter->handleRequest(NULL, Object(Config\Cache), false)
#4 C:\xampp\htdocs\enjoyit\public\index.php(37): CodeIgniter\CodeIgniter->run()
#5 {main}
CRITICAL - 2022-06-20 00:43:33 --> array_push(): Argument #1 ($array) must be of type array, null given
#0 C:\xampp\htdocs\enjoyit\app\Controllers\Home.php(12): array_push(NULL, 3)
#1 C:\xampp\htdocs\enjoyit\system\CodeIgniter.php(832): App\Controllers\Home->index()
#2 C:\xampp\htdocs\enjoyit\system\CodeIgniter.php(419): CodeIgniter\CodeIgniter->runController(Object(App\Controllers\Home))
#3 C:\xampp\htdocs\enjoyit\system\CodeIgniter.php(326): CodeIgniter\CodeIgniter->handleRequest(NULL, Object(Config\Cache), false)
#4 C:\xampp\htdocs\enjoyit\public\index.php(37): CodeIgniter\CodeIgniter->run()
#5 {main}
CRITICAL - 2022-06-20 00:44:02 --> Undefined variable $quer
#0 C:\xampp\htdocs\enjoyit\app\Models\ListadoModel.php(16): CodeIgniter\Debug\Exceptions->errorHandler(2, 'Undefined varia...', 'C:\\xampp\\htdocs...', 16)
#1 C:\xampp\htdocs\enjoyit\app\Controllers\Home.php(9): App\Models\ListadoModel->listarAsesores()
#2 C:\xampp\htdocs\enjoyit\system\CodeIgniter.php(832): App\Controllers\Home->index()
#3 C:\xampp\htdocs\enjoyit\system\CodeIgniter.php(419): CodeIgniter\CodeIgniter->runController(Object(App\Controllers\Home))
#4 C:\xampp\htdocs\enjoyit\system\CodeIgniter.php(326): CodeIgniter\CodeIgniter->handleRequest(NULL, Object(Config\Cache), false)
#5 C:\xampp\htdocs\enjoyit\public\index.php(37): CodeIgniter\CodeIgniter->run()
#6 {main}
CRITICAL - 2022-06-20 00:44:02 --> Undefined variable $quer
#0 C:\xampp\htdocs\enjoyit\app\Models\ListadoModel.php(16): CodeIgniter\Debug\Exceptions->errorHandler(2, 'Undefined varia...', 'C:\\xampp\\htdocs...', 16)
#1 C:\xampp\htdocs\enjoyit\app\Controllers\Home.php(9): App\Models\ListadoModel->listarAsesores()
#2 C:\xampp\htdocs\enjoyit\system\CodeIgniter.php(832): App\Controllers\Home->index()
#3 C:\xampp\htdocs\enjoyit\system\CodeIgniter.php(419): CodeIgniter\CodeIgniter->runController(Object(App\Controllers\Home))
#4 C:\xampp\htdocs\enjoyit\system\CodeIgniter.php(326): CodeIgniter\CodeIgniter->handleRequest(NULL, Object(Config\Cache), false)
#5 C:\xampp\htdocs\enjoyit\public\index.php(37): CodeIgniter\CodeIgniter->run()
#6 {main}
CRITICAL - 2022-06-20 00:44:02 --> Undefined variable $quer
#0 C:\xampp\htdocs\enjoyit\app\Models\ListadoModel.php(16): CodeIgniter\Debug\Exceptions->errorHandler(2, 'Undefined varia...', 'C:\\xampp\\htdocs...', 16)
#1 C:\xampp\htdocs\enjoyit\app\Controllers\Home.php(9): App\Models\ListadoModel->listarAsesores()
#2 C:\xampp\htdocs\enjoyit\system\CodeIgniter.php(832): App\Controllers\Home->index()
#3 C:\xampp\htdocs\enjoyit\system\CodeIgniter.php(419): CodeIgniter\CodeIgniter->runController(Object(App\Controllers\Home))
#4 C:\xampp\htdocs\enjoyit\system\CodeIgniter.php(326): CodeIgniter\CodeIgniter->handleRequest(NULL, Object(Config\Cache), false)
#5 C:\xampp\htdocs\enjoyit\public\index.php(37): CodeIgniter\CodeIgniter->run()
#6 {main}
CRITICAL - 2022-06-20 00:44:03 --> Undefined variable $quer
#0 C:\xampp\htdocs\enjoyit\app\Models\ListadoModel.php(16): CodeIgniter\Debug\Exceptions->errorHandler(2, 'Undefined varia...', 'C:\\xampp\\htdocs...', 16)
#1 C:\xampp\htdocs\enjoyit\app\Controllers\Home.php(9): App\Models\ListadoModel->listarAsesores()
#2 C:\xampp\htdocs\enjoyit\system\CodeIgniter.php(832): App\Controllers\Home->index()
#3 C:\xampp\htdocs\enjoyit\system\CodeIgniter.php(419): CodeIgniter\CodeIgniter->runController(Object(App\Controllers\Home))
#4 C:\xampp\htdocs\enjoyit\system\CodeIgniter.php(326): CodeIgniter\CodeIgniter->handleRequest(NULL, Object(Config\Cache), false)
#5 C:\xampp\htdocs\enjoyit\public\index.php(37): CodeIgniter\CodeIgniter->run()
#6 {main}
CRITICAL - 2022-06-20 00:44:21 --> Undefined variable $quer
#0 C:\xampp\htdocs\enjoyit\app\Models\ListadoModel.php(16): CodeIgniter\Debug\Exceptions->errorHandler(2, 'Undefined varia...', 'C:\\xampp\\htdocs...', 16)
#1 C:\xampp\htdocs\enjoyit\app\Controllers\Home.php(9): App\Models\ListadoModel->listarAsesores()
#2 C:\xampp\htdocs\enjoyit\system\CodeIgniter.php(832): App\Controllers\Home->index()
#3 C:\xampp\htdocs\enjoyit\system\CodeIgniter.php(419): CodeIgniter\CodeIgniter->runController(Object(App\Controllers\Home))
#4 C:\xampp\htdocs\enjoyit\system\CodeIgniter.php(326): CodeIgniter\CodeIgniter->handleRequest(NULL, Object(Config\Cache), false)
#5 C:\xampp\htdocs\enjoyit\public\index.php(37): CodeIgniter\CodeIgniter->run()
#6 {main}
CRITICAL - 2022-06-20 00:44:26 --> Undefined variable $quer
#0 C:\xampp\htdocs\enjoyit\app\Models\ListadoModel.php(16): CodeIgniter\Debug\Exceptions->errorHandler(2, 'Undefined varia...', 'C:\\xampp\\htdocs...', 16)
#1 C:\xampp\htdocs\enjoyit\app\Controllers\Home.php(9): App\Models\ListadoModel->listarAsesores()
#2 C:\xampp\htdocs\enjoyit\system\CodeIgniter.php(832): App\Controllers\Home->index()
#3 C:\xampp\htdocs\enjoyit\system\CodeIgniter.php(419): CodeIgniter\CodeIgniter->runController(Object(App\Controllers\Home))
#4 C:\xampp\htdocs\enjoyit\system\CodeIgniter.php(326): CodeIgniter\CodeIgniter->handleRequest(NULL, Object(Config\Cache), false)
#5 C:\xampp\htdocs\enjoyit\public\index.php(37): CodeIgniter\CodeIgniter->run()
#6 {main}
CRITICAL - 2022-06-20 00:44:27 --> Undefined variable $quer
#0 C:\xampp\htdocs\enjoyit\app\Models\ListadoModel.php(16): CodeIgniter\Debug\Exceptions->errorHandler(2, 'Undefined varia...', 'C:\\xampp\\htdocs...', 16)
#1 C:\xampp\htdocs\enjoyit\app\Controllers\Home.php(9): App\Models\ListadoModel->listarAsesores()
#2 C:\xampp\htdocs\enjoyit\system\CodeIgniter.php(832): App\Controllers\Home->index()
#3 C:\xampp\htdocs\enjoyit\system\CodeIgniter.php(419): CodeIgniter\CodeIgniter->runController(Object(App\Controllers\Home))
#4 C:\xampp\htdocs\enjoyit\system\CodeIgniter.php(326): CodeIgniter\CodeIgniter->handleRequest(NULL, Object(Config\Cache), false)
#5 C:\xampp\htdocs\enjoyit\public\index.php(37): CodeIgniter\CodeIgniter->run()
#6 {main}
CRITICAL - 2022-06-20 00:44:27 --> Undefined variable $quer
#0 C:\xampp\htdocs\enjoyit\app\Models\ListadoModel.php(16): CodeIgniter\Debug\Exceptions->errorHandler(2, 'Undefined varia...', 'C:\\xampp\\htdocs...', 16)
#1 C:\xampp\htdocs\enjoyit\app\Controllers\Home.php(9): App\Models\ListadoModel->listarAsesores()
#2 C:\xampp\htdocs\enjoyit\system\CodeIgniter.php(832): App\Controllers\Home->index()
#3 C:\xampp\htdocs\enjoyit\system\CodeIgniter.php(419): CodeIgniter\CodeIgniter->runController(Object(App\Controllers\Home))
#4 C:\xampp\htdocs\enjoyit\system\CodeIgniter.php(326): CodeIgniter\CodeIgniter->handleRequest(NULL, Object(Config\Cache), false)
#5 C:\xampp\htdocs\enjoyit\public\index.php(37): CodeIgniter\CodeIgniter->run()
#6 {main}
CRITICAL - 2022-06-20 00:44:41 --> Undefined variable $quer
#0 C:\xampp\htdocs\enjoyit\app\Models\ListadoModel.php(16): CodeIgniter\Debug\Exceptions->errorHandler(2, 'Undefined varia...', 'C:\\xampp\\htdocs...', 16)
#1 C:\xampp\htdocs\enjoyit\app\Controllers\Home.php(9): App\Models\ListadoModel->listarAsesores()
#2 C:\xampp\htdocs\enjoyit\system\CodeIgniter.php(832): App\Controllers\Home->index()
#3 C:\xampp\htdocs\enjoyit\system\CodeIgniter.php(419): CodeIgniter\CodeIgniter->runController(Object(App\Controllers\Home))
#4 C:\xampp\htdocs\enjoyit\system\CodeIgniter.php(326): CodeIgniter\CodeIgniter->handleRequest(NULL, Object(Config\Cache), false)
#5 C:\xampp\htdocs\enjoyit\public\index.php(37): CodeIgniter\CodeIgniter->run()
#6 {main}
CRITICAL - 2022-06-20 00:44:41 --> Undefined variable $quer
#0 C:\xampp\htdocs\enjoyit\app\Models\ListadoModel.php(16): CodeIgniter\Debug\Exceptions->errorHandler(2, 'Undefined varia...', 'C:\\xampp\\htdocs...', 16)
#1 C:\xampp\htdocs\enjoyit\app\Controllers\Home.php(9): App\Models\ListadoModel->listarAsesores()
#2 C:\xampp\htdocs\enjoyit\system\CodeIgniter.php(832): App\Controllers\Home->index()
#3 C:\xampp\htdocs\enjoyit\system\CodeIgniter.php(419): CodeIgniter\CodeIgniter->runController(Object(App\Controllers\Home))
#4 C:\xampp\htdocs\enjoyit\system\CodeIgniter.php(326): CodeIgniter\CodeIgniter->handleRequest(NULL, Object(Config\Cache), false)
#5 C:\xampp\htdocs\enjoyit\public\index.php(37): CodeIgniter\CodeIgniter->run()
#6 {main}
CRITICAL - 2022-06-20 00:44:45 --> Undefined variable $quer
#0 C:\xampp\htdocs\enjoyit\app\Models\ListadoModel.php(16): CodeIgniter\Debug\Exceptions->errorHandler(2, 'Undefined varia...', 'C:\\xampp\\htdocs...', 16)
#1 C:\xampp\htdocs\enjoyit\app\Controllers\Home.php(9): App\Models\ListadoModel->listarAsesores()
#2 C:\xampp\htdocs\enjoyit\system\CodeIgniter.php(832): App\Controllers\Home->index()
#3 C:\xampp\htdocs\enjoyit\system\CodeIgniter.php(419): CodeIgniter\CodeIgniter->runController(Object(App\Controllers\Home))
#4 C:\xampp\htdocs\enjoyit\system\CodeIgniter.php(326): CodeIgniter\CodeIgniter->handleRequest(NULL, Object(Config\Cache), false)
#5 C:\xampp\htdocs\enjoyit\public\index.php(37): CodeIgniter\CodeIgniter->run()
#6 {main}
CRITICAL - 2022-06-20 00:44:58 --> array_push(): Argument #1 ($array) must be of type array, null given
#0 C:\xampp\htdocs\enjoyit\app\Controllers\Home.php(12): array_push(NULL, 3)
#1 C:\xampp\htdocs\enjoyit\system\CodeIgniter.php(832): App\Controllers\Home->index()
#2 C:\xampp\htdocs\enjoyit\system\CodeIgniter.php(419): CodeIgniter\CodeIgniter->runController(Object(App\Controllers\Home))
#3 C:\xampp\htdocs\enjoyit\system\CodeIgniter.php(326): CodeIgniter\CodeIgniter->handleRequest(NULL, Object(Config\Cache), false)
#4 C:\xampp\htdocs\enjoyit\public\index.php(37): CodeIgniter\CodeIgniter->run()
#5 {main}
CRITICAL - 2022-06-20 00:45:05 --> array_push(): Argument #1 ($array) must be of type array, null given
#0 C:\xampp\htdocs\enjoyit\app\Controllers\Home.php(12): array_push(NULL, '3')
#1 C:\xampp\htdocs\enjoyit\system\CodeIgniter.php(832): App\Controllers\Home->index()
#2 C:\xampp\htdocs\enjoyit\system\CodeIgniter.php(419): CodeIgniter\CodeIgniter->runController(Object(App\Controllers\Home))
#3 C:\xampp\htdocs\enjoyit\system\CodeIgniter.php(326): CodeIgniter\CodeIgniter->handleRequest(NULL, Object(Config\Cache), false)
#4 C:\xampp\htdocs\enjoyit\public\index.php(37): CodeIgniter\CodeIgniter->run()
#5 {main}
CRITICAL - 2022-06-20 00:45:05 --> array_push(): Argument #1 ($array) must be of type array, null given
#0 C:\xampp\htdocs\enjoyit\app\Controllers\Home.php(12): array_push(NULL, '3')
#1 C:\xampp\htdocs\enjoyit\system\CodeIgniter.php(832): App\Controllers\Home->index()
#2 C:\xampp\htdocs\enjoyit\system\CodeIgniter.php(419): CodeIgniter\CodeIgniter->runController(Object(App\Controllers\Home))
#3 C:\xampp\htdocs\enjoyit\system\CodeIgniter.php(326): CodeIgniter\CodeIgniter->handleRequest(NULL, Object(Config\Cache), false)
#4 C:\xampp\htdocs\enjoyit\public\index.php(37): CodeIgniter\CodeIgniter->run()
#5 {main}
CRITICAL - 2022-06-20 00:46:41 --> Call to a member function append() on array
#0 C:\xampp\htdocs\enjoyit\system\CodeIgniter.php(832): App\Controllers\Home->index()
#1 C:\xampp\htdocs\enjoyit\system\CodeIgniter.php(419): CodeIgniter\CodeIgniter->runController(Object(App\Controllers\Home))
#2 C:\xampp\htdocs\enjoyit\system\CodeIgniter.php(326): CodeIgniter\CodeIgniter->handleRequest(NULL, Object(Config\Cache), false)
#3 C:\xampp\htdocs\enjoyit\public\index.php(37): CodeIgniter\CodeIgniter->run()
#4 {main}
CRITICAL - 2022-06-20 00:46:57 --> Call to a member function append() on array
#0 C:\xampp\htdocs\enjoyit\system\CodeIgniter.php(832): App\Controllers\Home->index()
#1 C:\xampp\htdocs\enjoyit\system\CodeIgniter.php(419): CodeIgniter\CodeIgniter->runController(Object(App\Controllers\Home))
#2 C:\xampp\htdocs\enjoyit\system\CodeIgniter.php(326): CodeIgniter\CodeIgniter->handleRequest(NULL, Object(Config\Cache), false)
#3 C:\xampp\htdocs\enjoyit\public\index.php(37): CodeIgniter\CodeIgniter->run()
#4 {main}
CRITICAL - 2022-06-20 00:46:59 --> Call to a member function append() on array
#0 C:\xampp\htdocs\enjoyit\system\CodeIgniter.php(832): App\Controllers\Home->index()
#1 C:\xampp\htdocs\enjoyit\system\CodeIgniter.php(419): CodeIgniter\CodeIgniter->runController(Object(App\Controllers\Home))
#2 C:\xampp\htdocs\enjoyit\system\CodeIgniter.php(326): CodeIgniter\CodeIgniter->handleRequest(NULL, Object(Config\Cache), false)
#3 C:\xampp\htdocs\enjoyit\public\index.php(37): CodeIgniter\CodeIgniter->run()
#4 {main}
CRITICAL - 2022-06-20 00:47:03 --> Call to a member function append() on array
#0 C:\xampp\htdocs\enjoyit\system\CodeIgniter.php(832): App\Controllers\Home->index()
#1 C:\xampp\htdocs\enjoyit\system\CodeIgniter.php(419): CodeIgniter\CodeIgniter->runController(Object(App\Controllers\Home))
#2 C:\xampp\htdocs\enjoyit\system\CodeIgniter.php(326): CodeIgniter\CodeIgniter->handleRequest(NULL, Object(Config\Cache), false)
#3 C:\xampp\htdocs\enjoyit\public\index.php(37): CodeIgniter\CodeIgniter->run()
#4 {main}
CRITICAL - 2022-06-20 00:48:29 --> Attempt to assign property "antony" on array
#0 C:\xampp\htdocs\enjoyit\system\CodeIgniter.php(832): App\Controllers\Home->index()
#1 C:\xampp\htdocs\enjoyit\system\CodeIgniter.php(419): CodeIgniter\CodeIgniter->runController(Object(App\Controllers\Home))
#2 C:\xampp\htdocs\enjoyit\system\CodeIgniter.php(326): CodeIgniter\CodeIgniter->handleRequest(NULL, Object(Config\Cache), false)
#3 C:\xampp\htdocs\enjoyit\public\index.php(37): CodeIgniter\CodeIgniter->run()
#4 {main}
CRITICAL - 2022-06-20 00:48:47 --> Attempt to read property "antony" on array
#0 C:\xampp\htdocs\enjoyit\app\Controllers\Home.php(11): CodeIgniter\Debug\Exceptions->errorHandler(2, 'Attempt to read...', 'C:\\xampp\\htdocs...', 11)
#1 C:\xampp\htdocs\enjoyit\system\CodeIgniter.php(832): App\Controllers\Home->index()
#2 C:\xampp\htdocs\enjoyit\system\CodeIgniter.php(419): CodeIgniter\CodeIgniter->runController(Object(App\Controllers\Home))
#3 C:\xampp\htdocs\enjoyit\system\CodeIgniter.php(326): CodeIgniter\CodeIgniter->handleRequest(NULL, Object(Config\Cache), false)
#4 C:\xampp\htdocs\enjoyit\public\index.php(37): CodeIgniter\CodeIgniter->run()
#5 {main}
CRITICAL - 2022-06-20 00:48:51 --> Call to a member function append() on array
#0 C:\xampp\htdocs\enjoyit\system\CodeIgniter.php(832): App\Controllers\Home->index()
#1 C:\xampp\htdocs\enjoyit\system\CodeIgniter.php(419): CodeIgniter\CodeIgniter->runController(Object(App\Controllers\Home))
#2 C:\xampp\htdocs\enjoyit\system\CodeIgniter.php(326): CodeIgniter\CodeIgniter->handleRequest(NULL, Object(Config\Cache), false)
#3 C:\xampp\htdocs\enjoyit\public\index.php(37): CodeIgniter\CodeIgniter->run()
#4 {main}
CRITICAL - 2022-06-20 00:49:09 --> Call to a member function append() on array
#0 C:\xampp\htdocs\enjoyit\system\CodeIgniter.php(832): App\Controllers\Home->index()
#1 C:\xampp\htdocs\enjoyit\system\CodeIgniter.php(419): CodeIgniter\CodeIgniter->runController(Object(App\Controllers\Home))
#2 C:\xampp\htdocs\enjoyit\system\CodeIgniter.php(326): CodeIgniter\CodeIgniter->handleRequest(NULL, Object(Config\Cache), false)
#3 C:\xampp\htdocs\enjoyit\public\index.php(37): CodeIgniter\CodeIgniter->run()
#4 {main}
CRITICAL - 2022-06-20 00:58:12 --> Object of class stdClass could not be converted to string
#0 C:\xampp\htdocs\enjoyit\system\CodeIgniter.php(832): App\Controllers\Home->index()
#1 C:\xampp\htdocs\enjoyit\system\CodeIgniter.php(419): CodeIgniter\CodeIgniter->runController(Object(App\Controllers\Home))
#2 C:\xampp\htdocs\enjoyit\system\CodeIgniter.php(326): CodeIgniter\CodeIgniter->handleRequest(NULL, Object(Config\Cache), false)
#3 C:\xampp\htdocs\enjoyit\public\index.php(37): CodeIgniter\CodeIgniter->run()
#4 {main}
CRITICAL - 2022-06-20 00:59:29 --> array_push(): Argument #1 ($array) must be of type array, stdClass given
#0 C:\xampp\htdocs\enjoyit\app\Controllers\Home.php(19): array_push(Object(stdClass), Object(stdClass))
#1 C:\xampp\htdocs\enjoyit\system\CodeIgniter.php(832): App\Controllers\Home->index()
#2 C:\xampp\htdocs\enjoyit\system\CodeIgniter.php(419): CodeIgniter\CodeIgniter->runController(Object(App\Controllers\Home))
#3 C:\xampp\htdocs\enjoyit\system\CodeIgniter.php(326): CodeIgniter\CodeIgniter->handleRequest(NULL, Object(Config\Cache), false)
#4 C:\xampp\htdocs\enjoyit\public\index.php(37): CodeIgniter\CodeIgniter->run()
#5 {main}
CRITICAL - 2022-06-20 01:01:56 --> Object of class stdClass could not be converted to string
#0 C:\xampp\htdocs\enjoyit\system\CodeIgniter.php(832): App\Controllers\Home->index()
#1 C:\xampp\htdocs\enjoyit\system\CodeIgniter.php(419): CodeIgniter\CodeIgniter->runController(Object(App\Controllers\Home))
#2 C:\xampp\htdocs\enjoyit\system\CodeIgniter.php(326): CodeIgniter\CodeIgniter->handleRequest(NULL, Object(Config\Cache), false)
#3 C:\xampp\htdocs\enjoyit\public\index.php(37): CodeIgniter\CodeIgniter->run()
#4 {main}
CRITICAL - 2022-06-20 08:27:08 --> Object of class stdClass could not be converted to string
#0 C:\xampp\htdocs\enjoyit\system\CodeIgniter.php(832): App\Controllers\Home->index()
#1 C:\xampp\htdocs\enjoyit\system\CodeIgniter.php(419): CodeIgniter\CodeIgniter->runController(Object(App\Controllers\Home))
#2 C:\xampp\htdocs\enjoyit\system\CodeIgniter.php(326): CodeIgniter\CodeIgniter->handleRequest(NULL, Object(Config\Cache), false)
#3 C:\xampp\htdocs\enjoyit\public\index.php(37): CodeIgniter\CodeIgniter->run()
#4 {main}
CRITICAL - 2022-06-20 08:31:22 --> Attempt to read property "codigo_asesor" on array
#0 C:\xampp\htdocs\enjoyit\app\Controllers\Home.php(15): CodeIgniter\Debug\Exceptions->errorHandler(2, 'Attempt to read...', 'C:\\xampp\\htdocs...', 15)
#1 C:\xampp\htdocs\enjoyit\system\CodeIgniter.php(832): App\Controllers\Home->index()
#2 C:\xampp\htdocs\enjoyit\system\CodeIgniter.php(419): CodeIgniter\CodeIgniter->runController(Object(App\Controllers\Home))
#3 C:\xampp\htdocs\enjoyit\system\CodeIgniter.php(326): CodeIgniter\CodeIgniter->handleRequest(NULL, Object(Config\Cache), false)
#4 C:\xampp\htdocs\enjoyit\public\index.php(37): CodeIgniter\CodeIgniter->run()
#5 {main}
CRITICAL - 2022-06-20 08:32:19 --> Attempt to read property "codigo_asesor" on array
#0 C:\xampp\htdocs\enjoyit\app\Controllers\Home.php(23): CodeIgniter\Debug\Exceptions->errorHandler(2, 'Attempt to read...', 'C:\\xampp\\htdocs...', 23)
#1 C:\xampp\htdocs\enjoyit\system\CodeIgniter.php(832): App\Controllers\Home->index()
#2 C:\xampp\htdocs\enjoyit\system\CodeIgniter.php(419): CodeIgniter\CodeIgniter->runController(Object(App\Controllers\Home))
#3 C:\xampp\htdocs\enjoyit\system\CodeIgniter.php(326): CodeIgniter\CodeIgniter->handleRequest(NULL, Object(Config\Cache), false)
#4 C:\xampp\htdocs\enjoyit\public\index.php(37): CodeIgniter\CodeIgniter->run()
#5 {main}
CRITICAL - 2022-06-20 08:34:19 --> Array to string conversion
#0 C:\xampp\htdocs\enjoyit\app\Controllers\Home.php(24): CodeIgniter\Debug\Exceptions->errorHandler(2, 'Array to string...', 'C:\\xampp\\htdocs...', 24)
#1 C:\xampp\htdocs\enjoyit\system\CodeIgniter.php(832): App\Controllers\Home->index()
#2 C:\xampp\htdocs\enjoyit\system\CodeIgniter.php(419): CodeIgniter\CodeIgniter->runController(Object(App\Controllers\Home))
#3 C:\xampp\htdocs\enjoyit\system\CodeIgniter.php(326): CodeIgniter\CodeIgniter->handleRequest(NULL, Object(Config\Cache), false)
#4 C:\xampp\htdocs\enjoyit\public\index.php(37): CodeIgniter\CodeIgniter->run()
#5 {main}
CRITICAL - 2022-06-20 08:36:27 --> array_push(): Argument #1 ($array) must be of type array, null given
#0 C:\xampp\htdocs\enjoyit\app\Controllers\Home.php(30): array_push(NULL, 'x')
#1 C:\xampp\htdocs\enjoyit\system\CodeIgniter.php(832): App\Controllers\Home->index()
#2 C:\xampp\htdocs\enjoyit\system\CodeIgniter.php(419): CodeIgniter\CodeIgniter->runController(Object(App\Controllers\Home))
#3 C:\xampp\htdocs\enjoyit\system\CodeIgniter.php(326): CodeIgniter\CodeIgniter->handleRequest(NULL, Object(Config\Cache), false)
#4 C:\xampp\htdocs\enjoyit\public\index.php(37): CodeIgniter\CodeIgniter->run()
#5 {main}
CRITICAL - 2022-06-20 08:36:32 --> array_push(): Argument #1 ($array) must be of type array, null given
#0 C:\xampp\htdocs\enjoyit\app\Controllers\Home.php(30): array_push(NULL, 'x')
#1 C:\xampp\htdocs\enjoyit\system\CodeIgniter.php(832): App\Controllers\Home->index()
#2 C:\xampp\htdocs\enjoyit\system\CodeIgniter.php(419): CodeIgniter\CodeIgniter->runController(Object(App\Controllers\Home))
#3 C:\xampp\htdocs\enjoyit\system\CodeIgniter.php(326): CodeIgniter\CodeIgniter->handleRequest(NULL, Object(Config\Cache), false)
#4 C:\xampp\htdocs\enjoyit\public\index.php(37): CodeIgniter\CodeIgniter->run()
#5 {main}
CRITICAL - 2022-06-20 08:36:34 --> array_push(): Argument #1 ($array) must be of type array, null given
#0 C:\xampp\htdocs\enjoyit\app\Controllers\Home.php(30): array_push(NULL, 'x')
#1 C:\xampp\htdocs\enjoyit\system\CodeIgniter.php(832): App\Controllers\Home->index()
#2 C:\xampp\htdocs\enjoyit\system\CodeIgniter.php(419): CodeIgniter\CodeIgniter->runController(Object(App\Controllers\Home))
#3 C:\xampp\htdocs\enjoyit\system\CodeIgniter.php(326): CodeIgniter\CodeIgniter->handleRequest(NULL, Object(Config\Cache), false)
#4 C:\xampp\htdocs\enjoyit\public\index.php(37): CodeIgniter\CodeIgniter->run()
#5 {main}
CRITICAL - 2022-06-20 08:36:35 --> array_push(): Argument #1 ($array) must be of type array, null given
#0 C:\xampp\htdocs\enjoyit\app\Controllers\Home.php(30): array_push(NULL, 'x')
#1 C:\xampp\htdocs\enjoyit\system\CodeIgniter.php(832): App\Controllers\Home->index()
#2 C:\xampp\htdocs\enjoyit\system\CodeIgniter.php(419): CodeIgniter\CodeIgniter->runController(Object(App\Controllers\Home))
#3 C:\xampp\htdocs\enjoyit\system\CodeIgniter.php(326): CodeIgniter\CodeIgniter->handleRequest(NULL, Object(Config\Cache), false)
#4 C:\xampp\htdocs\enjoyit\public\index.php(37): CodeIgniter\CodeIgniter->run()
#5 {main}
CRITICAL - 2022-06-20 08:39:07 --> Cannot use object of type stdClass as array
#0 C:\xampp\htdocs\enjoyit\system\CodeIgniter.php(832): App\Controllers\Home->index()
#1 C:\xampp\htdocs\enjoyit\system\CodeIgniter.php(419): CodeIgniter\CodeIgniter->runController(Object(App\Controllers\Home))
#2 C:\xampp\htdocs\enjoyit\system\CodeIgniter.php(326): CodeIgniter\CodeIgniter->handleRequest(NULL, Object(Config\Cache), false)
#3 C:\xampp\htdocs\enjoyit\public\index.php(37): CodeIgniter\CodeIgniter->run()
#4 {main}
