CRITICAL - 2022-06-10 23:50:14 --> Invalid file: asistencia.php
#0 C:\xampp\htdocs\aep\system\View\View.php(198): CodeIgniter\Exceptions\FrameworkException::forInvalidFile('asistencia.php')
#1 C:\xampp\htdocs\aep\system\Common.php(1089): CodeIgniter\View\View->render('asistencia.php', Array, true)
#2 C:\xampp\htdocs\aep\app\Controllers\Asistencia.php(9): view('asistencia.php')
#3 C:\xampp\htdocs\aep\system\CodeIgniter.php(832): App\Controllers\Asistencia->index()
#4 C:\xampp\htdocs\aep\system\CodeIgniter.php(419): CodeIgniter\CodeIgniter->runController(Object(App\Controllers\Asistencia))
#5 C:\xampp\htdocs\aep\system\CodeIgniter.php(326): CodeIgniter\CodeIgniter->handleRequest(NULL, Object(Config\Cache), false)
#6 C:\xampp\htdocs\aep\public\index.php(37): CodeIgniter\CodeIgniter->run()
#7 {main}
CRITICAL - 2022-06-10 23:50:17 --> Invalid file: asistencia.php
#0 C:\xampp\htdocs\aep\system\View\View.php(198): CodeIgniter\Exceptions\FrameworkException::forInvalidFile('asistencia.php')
#1 C:\xampp\htdocs\aep\system\Common.php(1089): CodeIgniter\View\View->render('asistencia.php', Array, true)
#2 C:\xampp\htdocs\aep\app\Controllers\Asistencia.php(9): view('asistencia.php')
#3 C:\xampp\htdocs\aep\system\CodeIgniter.php(832): App\Controllers\Asistencia->index()
#4 C:\xampp\htdocs\aep\system\CodeIgniter.php(419): CodeIgniter\CodeIgniter->runController(Object(App\Controllers\Asistencia))
#5 C:\xampp\htdocs\aep\system\CodeIgniter.php(326): CodeIgniter\CodeIgniter->handleRequest(NULL, Object(Config\Cache), false)
#6 C:\xampp\htdocs\aep\public\index.php(37): CodeIgniter\CodeIgniter->run()
#7 {main}
CRITICAL - 2022-06-10 23:50:24 --> Invalid file: asistencia.php
#0 C:\xampp\htdocs\aep\system\View\View.php(198): CodeIgniter\Exceptions\FrameworkException::forInvalidFile('asistencia.php')
#1 C:\xampp\htdocs\aep\system\Common.php(1089): CodeIgniter\View\View->render('asistencia', Array, true)
#2 C:\xampp\htdocs\aep\app\Controllers\Asistencia.php(9): view('asistencia')
#3 C:\xampp\htdocs\aep\system\CodeIgniter.php(832): App\Controllers\Asistencia->index()
#4 C:\xampp\htdocs\aep\system\CodeIgniter.php(419): CodeIgniter\CodeIgniter->runController(Object(App\Controllers\Asistencia))
#5 C:\xampp\htdocs\aep\system\CodeIgniter.php(326): CodeIgniter\CodeIgniter->handleRequest(NULL, Object(Config\Cache), false)
#6 C:\xampp\htdocs\aep\public\index.php(37): CodeIgniter\CodeIgniter->run()
#7 {main}
CRITICAL - 2022-06-10 23:50:26 --> Invalid file: asistencia.php
#0 C:\xampp\htdocs\aep\system\View\View.php(198): CodeIgniter\Exceptions\FrameworkException::forInvalidFile('asistencia.php')
#1 C:\xampp\htdocs\aep\system\Common.php(1089): CodeIgniter\View\View->render('asistencia', Array, true)
#2 C:\xampp\htdocs\aep\app\Controllers\Asistencia.php(9): view('asistencia')
#3 C:\xampp\htdocs\aep\system\CodeIgniter.php(832): App\Controllers\Asistencia->index()
#4 C:\xampp\htdocs\aep\system\CodeIgniter.php(419): CodeIgniter\CodeIgniter->runController(Object(App\Controllers\Asistencia))
#5 C:\xampp\htdocs\aep\system\CodeIgniter.php(326): CodeIgniter\CodeIgniter->handleRequest(NULL, Object(Config\Cache), false)
#6 C:\xampp\htdocs\aep\public\index.php(37): CodeIgniter\CodeIgniter->run()
#7 {main}
