CRITICAL - 2022-06-19 23:29:43 --> Access level to App\Models\ListadoModel::$db must be protected (as in class CodeIgniter\BaseModel) or weaker
#0 [internal function]: CodeIgniter\Debug\Exceptions->shutdownHandler()
#1 {main}
CRITICAL - 2022-06-19 23:30:07 --> Access level to App\Models\ListadoModel::$db must be protected (as in class CodeIgniter\BaseModel) or weaker
#0 [internal function]: CodeIgniter\Debug\Exceptions->shutdownHandler()
#1 {main}
CRITICAL - 2022-06-19 23:30:07 --> Access level to App\Models\ListadoModel::$db must be protected (as in class CodeIgniter\BaseModel) or weaker
#0 [internal function]: CodeIgniter\Debug\Exceptions->shutdownHandler()
#1 {main}
CRITICAL - 2022-06-19 23:30:07 --> Access level to App\Models\ListadoModel::$db must be protected (as in class CodeIgniter\BaseModel) or weaker
#0 [internal function]: CodeIgniter\Debug\Exceptions->shutdownHandler()
#1 {main}
CRITICAL - 2022-06-19 23:31:01 --> Access level to App\Models\ListadoModel::$db must be protected (as in class CodeIgniter\BaseModel) or weaker
#0 [internal function]: CodeIgniter\Debug\Exceptions->shutdownHandler()
#1 {main}
CRITICAL - 2022-06-19 23:31:02 --> Access level to App\Models\ListadoModel::$db must be protected (as in class CodeIgniter\BaseModel) or weaker
#0 [internal function]: CodeIgniter\Debug\Exceptions->shutdownHandler()
#1 {main}
CRITICAL - 2022-06-19 23:31:02 --> Access level to App\Models\ListadoModel::$db must be protected (as in class CodeIgniter\BaseModel) or weaker
#0 [internal function]: CodeIgniter\Debug\Exceptions->shutdownHandler()
#1 {main}
CRITICAL - 2022-06-19 23:31:02 --> Access level to App\Models\ListadoModel::$db must be protected (as in class CodeIgniter\BaseModel) or weaker
#0 [internal function]: CodeIgniter\Debug\Exceptions->shutdownHandler()
#1 {main}
CRITICAL - 2022-06-19 23:31:32 --> Access level to App\Models\ListadoModel::$db must be protected (as in class CodeIgniter\BaseModel) or weaker
#0 [internal function]: CodeIgniter\Debug\Exceptions->shutdownHandler()
#1 {main}
CRITICAL - 2022-06-19 23:31:49 --> Access level to App\Models\ListadoModel::$db must be protected (as in class CodeIgniter\BaseModel) or weaker
#0 [internal function]: CodeIgniter\Debug\Exceptions->shutdownHandler()
#1 {main}
CRITICAL - 2022-06-19 23:31:53 --> Access level to App\Models\ListadoModel::$db must be protected (as in class CodeIgniter\BaseModel) or weaker
#0 [internal function]: CodeIgniter\Debug\Exceptions->shutdownHandler()
#1 {main}
CRITICAL - 2022-06-19 23:34:01 --> Access level to App\Models\ListadoModel::$db must be protected (as in class CodeIgniter\BaseModel) or weaker
#0 [internal function]: CodeIgniter\Debug\Exceptions->shutdownHandler()
#1 {main}
CRITICAL - 2022-06-19 23:45:43 --> Access level to App\Models\ListadoModel::$db must be protected (as in class CodeIgniter\BaseModel) or weaker
#0 [internal function]: CodeIgniter\Debug\Exceptions->shutdownHandler()
#1 {main}
CRITICAL - 2022-06-19 23:45:49 --> Access level to App\Models\ListadoModel::$db must be protected (as in class CodeIgniter\BaseModel) or weaker
#0 [internal function]: CodeIgniter\Debug\Exceptions->shutdownHandler()
#1 {main}
CRITICAL - 2022-06-19 23:47:04 --> Undefined variable $listado
#0 C:\xampp\htdocs\enjoyit\app\Controllers\Home.php(11): CodeIgniter\Debug\Exceptions->errorHandler(2, 'Undefined varia...', 'C:\\xampp\\htdocs...', 11)
#1 C:\xampp\htdocs\enjoyit\system\CodeIgniter.php(832): App\Controllers\Home->index()
#2 C:\xampp\htdocs\enjoyit\system\CodeIgniter.php(419): CodeIgniter\CodeIgniter->runController(Object(App\Controllers\Home))
#3 C:\xampp\htdocs\enjoyit\system\CodeIgniter.php(326): CodeIgniter\CodeIgniter->handleRequest(NULL, Object(Config\Cache), false)
#4 C:\xampp\htdocs\enjoyit\public\index.php(37): CodeIgniter\CodeIgniter->run()
#5 {main}
CRITICAL - 2022-06-19 23:48:42 --> Undefined variable $listado
#0 C:\xampp\htdocs\enjoyit\app\Controllers\Home.php(10): CodeIgniter\Debug\Exceptions->errorHandler(2, 'Undefined varia...', 'C:\\xampp\\htdocs...', 10)
#1 C:\xampp\htdocs\enjoyit\system\CodeIgniter.php(832): App\Controllers\Home->index()
#2 C:\xampp\htdocs\enjoyit\system\CodeIgniter.php(419): CodeIgniter\CodeIgniter->runController(Object(App\Controllers\Home))
#3 C:\xampp\htdocs\enjoyit\system\CodeIgniter.php(326): CodeIgniter\CodeIgniter->handleRequest(NULL, Object(Config\Cache), false)
#4 C:\xampp\htdocs\enjoyit\public\index.php(37): CodeIgniter\CodeIgniter->run()
#5 {main}
CRITICAL - 2022-06-19 23:48:53 --> Undefined variable $listado
#0 C:\xampp\htdocs\enjoyit\app\Controllers\Home.php(10): CodeIgniter\Debug\Exceptions->errorHandler(2, 'Undefined varia...', 'C:\\xampp\\htdocs...', 10)
#1 C:\xampp\htdocs\enjoyit\system\CodeIgniter.php(832): App\Controllers\Home->index()
#2 C:\xampp\htdocs\enjoyit\system\CodeIgniter.php(419): CodeIgniter\CodeIgniter->runController(Object(App\Controllers\Home))
#3 C:\xampp\htdocs\enjoyit\system\CodeIgniter.php(326): CodeIgniter\CodeIgniter->handleRequest(NULL, Object(Config\Cache), false)
#4 C:\xampp\htdocs\enjoyit\public\index.php(37): CodeIgniter\CodeIgniter->run()
#5 {main}
CRITICAL - 2022-06-19 23:48:53 --> Undefined variable $listado
#0 C:\xampp\htdocs\enjoyit\app\Controllers\Home.php(10): CodeIgniter\Debug\Exceptions->errorHandler(2, 'Undefined varia...', 'C:\\xampp\\htdocs...', 10)
#1 C:\xampp\htdocs\enjoyit\system\CodeIgniter.php(832): App\Controllers\Home->index()
#2 C:\xampp\htdocs\enjoyit\system\CodeIgniter.php(419): CodeIgniter\CodeIgniter->runController(Object(App\Controllers\Home))
#3 C:\xampp\htdocs\enjoyit\system\CodeIgniter.php(326): CodeIgniter\CodeIgniter->handleRequest(NULL, Object(Config\Cache), false)
#4 C:\xampp\htdocs\enjoyit\public\index.php(37): CodeIgniter\CodeIgniter->run()
#5 {main}
CRITICAL - 2022-06-19 23:49:39 --> Access level to App\Models\ListadoModel::$db must be protected (as in class CodeIgniter\BaseModel) or weaker
#0 [internal function]: CodeIgniter\Debug\Exceptions->shutdownHandler()
#1 {main}
CRITICAL - 2022-06-19 23:50:32 --> Access level to App\Models\ListadoModel::$db must be protected (as in class CodeIgniter\BaseModel) or weaker
#0 [internal function]: CodeIgniter\Debug\Exceptions->shutdownHandler()
#1 {main}
